2026-01-27 21:10:39,352 [INFO] Activator:176 - 


2026-01-27 21:10:39,353 [INFO] Activator:177 - !SESSION log4j initialized
2026-01-27 21:10:41,225 [INFO] LogOutputStream:77 - [STDOUT_REDIRECT] 
2026-01-27 21:10:51,943 [INFO] ApplicationProperties:184 - Using Application install path: C:\ST\STM32CubeIDE_1.19.0\STM32CubeIDE\plugins\com.st.stm32cube.common.mx_6.15.0.202507011659
2026-01-27 21:10:51,951 [INFO] DbMcusXml:78 - Set database path to: C:\ST\STM32CubeIDE_1.19.0\STM32CubeIDE\plugins\com.st.stm32cube.common.mx_6.15.0.202507011659\\db\/mcu/
2026-01-27 21:10:51,952 [INFO] ApiDb:274 - Set plugin database path to: C:\ST\STM32CubeIDE_1.19.0\STM32CubeIDE\plugins\com.st.stm32cube.common.mx_6.15.0.202507011659\\db\/plugins/boardmanager/
2026-01-27 21:10:51,952 [WARN] ApiDb:259 - Overriding images path with different value:  => C:\ST\STM32CubeIDE_1.19.0\STM32CubeIDE\plugins\com.st.stm32cube.common.mx_6.15.0.202507011659\\db\/plugins/mcufinder/images/
2026-01-27 21:10:51,956 [INFO] ApiDb:250 - Set database path to: C:\Users\Manuel\.stmcufinder\plugins\mcufinder//mcu/
2026-01-27 21:10:51,956 [INFO] DbMcusAds:125 - Set database path to: C:\Users\Manuel\.stmcufinder\plugins\mcufinder//mcu/
2026-01-27 21:10:51,967 [INFO] CrossReferenceDbSqlite:203 - Set database path to: C:\Users\Manuel\.stmcufinder\plugins\mcufinder//mcu/cs/
2026-01-27 21:10:52,042 [INFO] RulesReader:64 - Compatibility file has been processed (317 Rules)
2026-01-27 21:10:52,096 [INFO] DbMcusXml:78 - Set database path to: C:\ST\STM32CubeIDE_1.19.0\STM32CubeIDE\plugins\com.st.stm32cube.common.mx_6.15.0.202507011659\\db\/mcu/
2026-01-27 21:10:52,096 [INFO] ApiDb:274 - Set plugin database path to: C:\ST\STM32CubeIDE_1.19.0\STM32CubeIDE\plugins\com.st.stm32cube.common.mx_6.15.0.202507011659\\db\/plugins/boardmanager/
2026-01-27 21:10:52,096 [INFO] ApiDb:261 - Set plugin images path to: C:\ST\STM32CubeIDE_1.19.0\STM32CubeIDE\plugins\com.st.stm32cube.common.mx_6.15.0.202507011659\\db\/plugins/mcufinder/images/
2026-01-27 21:10:52,096 [WARN] DbFile:41 - Overriding database path with different value: C:\Users\Manuel\.stmcufinder\plugins\mcufinder/ => C:\Users\Manuel\.stmcufinder\plugins\mcufinder
2026-01-27 21:10:52,096 [INFO] ApiDb:250 - Set database path to: C:\Users\Manuel\.stmcufinder\plugins\mcufinder//mcu/
2026-01-27 21:10:52,096 [WARN] DbFile:41 - Overriding database path with different value: C:\Users\Manuel\.stmcufinder\plugins\mcufinder/ => C:\Users\Manuel\.stmcufinder\plugins\mcufinder
2026-01-27 21:10:52,096 [INFO] DbMcusAds:125 - Set database path to: C:\Users\Manuel\.stmcufinder\plugins\mcufinder//mcu/
2026-01-27 21:10:52,096 [WARN] DbFile:41 - Overriding database path with different value: C:\Users\Manuel\.stmcufinder\plugins\mcufinder/ => C:\Users\Manuel\.stmcufinder\plugins\mcufinder
2026-01-27 21:10:52,096 [WARN] DbFile:41 - Overriding database path with different value: C:\Users\Manuel\.stmcufinder\plugins\mcufinder/ => C:\Users\Manuel\.stmcufinder\plugins\mcufinder
2026-01-27 21:10:52,096 [INFO] CrossReferenceDbSqlite:203 - Set database path to: C:\Users\Manuel\.stmcufinder\plugins\mcufinder//mcu/cs/
2026-01-27 21:10:52,134 [INFO] MainPanel:274 - HeapMemory: 268435456
2026-01-27 21:10:52,177 [INFO] DbMcusXml:78 - Set database path to: C:\ST\STM32CubeIDE_1.19.0\STM32CubeIDE\plugins\com.st.stm32cube.common.mx_6.15.0.202507011659\\db\/mcu/
2026-01-27 21:10:52,177 [INFO] ApiDb:274 - Set plugin database path to: C:\ST\STM32CubeIDE_1.19.0\STM32CubeIDE\plugins\com.st.stm32cube.common.mx_6.15.0.202507011659\\db\/plugins/boardmanager/
2026-01-27 21:10:52,177 [INFO] ApiDb:261 - Set plugin images path to: C:\ST\STM32CubeIDE_1.19.0\STM32CubeIDE\plugins\com.st.stm32cube.common.mx_6.15.0.202507011659\\db\/plugins/mcufinder/images/
2026-01-27 21:10:52,177 [WARN] DbFile:41 - Overriding database path with different value: C:\Users\Manuel\.stmcufinder\plugins\mcufinder/ => C:\Users\Manuel\.stmcufinder\plugins\mcufinder
2026-01-27 21:10:52,177 [INFO] ApiDb:250 - Set database path to: C:\Users\Manuel\.stmcufinder\plugins\mcufinder//mcu/
2026-01-27 21:10:52,177 [WARN] DbFile:41 - Overriding database path with different value: C:\Users\Manuel\.stmcufinder\plugins\mcufinder/ => C:\Users\Manuel\.stmcufinder\plugins\mcufinder
2026-01-27 21:10:52,178 [INFO] DbMcusAds:125 - Set database path to: C:\Users\Manuel\.stmcufinder\plugins\mcufinder//mcu/
2026-01-27 21:10:52,178 [WARN] DbFile:41 - Overriding database path with different value: C:\Users\Manuel\.stmcufinder\plugins\mcufinder/ => C:\Users\Manuel\.stmcufinder\plugins\mcufinder
2026-01-27 21:10:52,178 [WARN] DbFile:41 - Overriding database path with different value: C:\Users\Manuel\.stmcufinder\plugins\mcufinder/ => C:\Users\Manuel\.stmcufinder\plugins\mcufinder
2026-01-27 21:10:52,178 [INFO] CrossReferenceDbSqlite:203 - Set database path to: C:\Users\Manuel\.stmcufinder\plugins\mcufinder//mcu/cs/
2026-01-27 21:10:52,187 [INFO] ApplicationProperties:184 - Using Application install path: C:\ST\STM32CubeIDE_1.19.0\STM32CubeIDE\plugins\com.st.stm32cube.common.mx_6.15.0.202507011659
2026-01-27 21:10:52,188 [INFO] PluginManage:196 - Search for loadable plugins [exclusion list=, ]
2026-01-27 21:10:52,189 [INFO] PluginManage:310 - Check plugin analytics
2026-01-27 21:11:01,815 [INFO] AnalyticsPlugin:253 - Accepted Software Licenses: 
2026-01-27 21:11:01,815 [INFO] AnalyticsPlugin:255 - Accepted CMSIS Pack Licenses: 
2026-01-27 21:11:01,816 [INFO] AnalyticsPlugin:257 - Accepted Firmware Licenses: 
2026-01-27 21:11:01,819 [INFO] PluginManage:359 - Loaded plugin analytics (category:tool,tabindex:-1)
2026-01-27 21:11:01,820 [INFO] PluginManage:310 - Check plugin cadmodel
2026-01-27 21:11:01,825 [INFO] CADModel:105 - Init CAD model plugin
2026-01-27 21:11:01,825 [INFO] PluginManage:359 - Loaded plugin cadmodel (category:power,tabindex:5)
2026-01-27 21:11:01,825 [INFO] PluginManage:310 - Check plugin clock
2026-01-27 21:11:01,838 [INFO] PluginManage:359 - Loaded plugin clock (category:base,tabindex:2)
2026-01-27 21:11:01,838 [INFO] PluginManage:310 - Check plugin ddr
2026-01-27 21:11:01,843 [INFO] PluginManage:359 - Loaded plugin ddr (category:tool,tabindex:6)
2026-01-27 21:11:01,843 [INFO] PluginManage:310 - Check plugin filemanager
2026-01-27 21:11:02,043 [INFO] PluginManage:359 - Loaded plugin filemanager (category:base,tabindex:10)
2026-01-27 21:11:02,043 [INFO] PluginManage:310 - Check plugin ipmanager
2026-01-27 21:11:02,050 [INFO] PluginManage:359 - Loaded plugin ipmanager (category:base,tabindex:5)
2026-01-27 21:11:02,050 [INFO] PluginManage:310 - Check plugin lpbam
2026-01-27 21:11:02,066 [INFO] PluginManage:359 - Loaded plugin lpbam (category:base,tabindex:0)
2026-01-27 21:11:02,066 [INFO] PluginManage:310 - Check plugin memorymap
2026-01-27 21:11:02,114 [INFO] PluginManage:359 - Loaded plugin memorymap (category:base,tabindex:4)
2026-01-27 21:11:02,114 [INFO] PluginManage:310 - Check plugin pinoutandconfiguration
2026-01-27 21:11:02,126 [INFO] PluginManage:359 - Loaded plugin pinoutandconfiguration (category:base,tabindex:1)
2026-01-27 21:11:02,126 [INFO] PluginManage:310 - Check plugin pinoutconfig
2026-01-27 21:11:02,242 [WARN] SupportedApi:132 - Cannot load RTOS API schema: s4s-elt-must-match.1: The content of 'definitions' must match (annotation?, (simpleType | complexType)?, (unique | key | keyref)*)). A problem was found starting at: attribute.
2026-01-27 21:11:02,553 [INFO] PluginManage:359 - Loaded plugin pinoutconfig (category:base,tabindex:0)
2026-01-27 21:11:02,553 [INFO] PluginManage:310 - Check plugin power
2026-01-27 21:11:02,564 [INFO] PluginManage:359 - Loaded plugin power (category:power,tabindex:4)
2026-01-27 21:11:02,564 [INFO] PluginManage:310 - Check plugin projectmanager
2026-01-27 21:11:02,582 [INFO] PluginManage:359 - Loaded plugin projectmanager (category:projectmanager,tabindex:4)
2026-01-27 21:11:02,582 [INFO] PluginManage:310 - Check plugin rif
2026-01-27 21:11:02,601 [INFO] PluginManage:359 - Loaded plugin rif (category:base,tabindex:3)
2026-01-27 21:11:02,601 [INFO] PluginManage:310 - Check plugin thirdparty
2026-01-27 21:11:02,780 [WARN] IntegrityCheckThread:84 - waiting for thirdparty lock release [integrity check]
2026-01-27 21:11:02,780 [INFO] IntegrityCheckThread:86 - entering critical section [integrity check]
2026-01-27 21:11:02,781 [INFO] ThirdPartyUpdaterWithRetryManager:70 - Updater plugin not ready yet. [1/15]
2026-01-27 21:11:02,781 [INFO] PluginManage:359 - Loaded plugin thirdparty (category:base,tabindex:-1)
2026-01-27 21:11:02,781 [INFO] PluginManage:310 - Check plugin tools
2026-01-27 21:11:02,784 [INFO] PluginManage:359 - Loaded plugin tools (category:base,tabindex:7)
2026-01-27 21:11:02,784 [INFO] PluginManage:310 - Check plugin tutovideos
2026-01-27 21:11:03,208 [INFO] PluginManage:359 - Loaded plugin tutovideos (category:base,tabindex:-1)
2026-01-27 21:11:03,208 [INFO] PluginManage:310 - Check plugin updater
2026-01-27 21:11:03,225 [INFO] PluginManage:359 - Loaded plugin updater (category:base,tabindex:12)
2026-01-27 21:11:03,225 [INFO] PluginManage:310 - Check plugin userauth
2026-01-27 21:11:03,231 [INFO] UserAuth:118 - Init User Auth plugin
2026-01-27 21:11:03,232 [INFO] PluginManage:359 - Loaded plugin userauth (category:base,tabindex:14)
2026-01-27 21:11:03,233 [INFO] PluginManage:283 - PluginManage : Loaded plugins [18]
2026-01-27 21:11:03,497 [INFO] PinOutPanel:1589 - setPackage(No Configuration,No Configuration)
2026-01-27 21:11:03,581 [INFO] CADModel:165 - CPN selected for project level
2026-01-27 21:11:03,581 [INFO] CADModel:114 - Register for checkConnection events
2026-01-27 21:11:03,602 [INFO] IPUIPlugin:80 - create IPUIPlugin
2026-01-27 21:11:03,602 [INFO] PluginManager:220 - loadIPPluginJar : add adc
2026-01-27 21:11:03,605 [INFO] IPUIPlugin:80 - create IPUIPlugin
2026-01-27 21:11:03,605 [INFO] PluginManager:220 - loadIPPluginJar : add aes
2026-01-27 21:11:03,609 [INFO] IPUIPlugin:80 - create IPUIPlugin
2026-01-27 21:11:03,609 [INFO] PluginManager:220 - loadIPPluginJar : add can
2026-01-27 21:11:03,612 [INFO] IPUIPlugin:80 - create IPUIPlugin
2026-01-27 21:11:03,612 [INFO] PluginManager:220 - loadIPPluginJar : add comp
2026-01-27 21:11:03,615 [INFO] IPUIPlugin:80 - create IPUIPlugin
2026-01-27 21:11:03,615 [INFO] PluginManager:220 - loadIPPluginJar : add cryp
2026-01-27 21:11:03,619 [INFO] IPUIPlugin:80 - create IPUIPlugin
2026-01-27 21:11:03,619 [INFO] PluginManager:220 - loadIPPluginJar : add ddr_ctrl_phy
2026-01-27 21:11:03,623 [INFO] IPUIPlugin:80 - create IPUIPlugin
2026-01-27 21:11:03,623 [INFO] PluginManager:220 - loadIPPluginJar : add dfsdm
2026-01-27 21:11:03,630 [INFO] IPUIPlugin:80 - create IPUIPlugin
2026-01-27 21:11:03,631 [INFO] PluginManager:220 - loadIPPluginJar : add dma
2026-01-27 21:11:03,636 [INFO] IPUIPlugin:80 - create IPUIPlugin
2026-01-27 21:11:03,636 [INFO] PluginManager:220 - loadIPPluginJar : add dma3
2026-01-27 21:11:03,641 [INFO] IPUIPlugin:80 - create IPUIPlugin
2026-01-27 21:11:03,642 [INFO] PluginManager:220 - loadIPPluginJar : add extmemmanager
2026-01-27 21:11:03,644 [INFO] IPUIPlugin:80 - create IPUIPlugin
2026-01-27 21:11:03,644 [INFO] PluginManager:220 - loadIPPluginJar : add fatfs
2026-01-27 21:11:03,650 [INFO] IPUIPlugin:80 - create IPUIPlugin
2026-01-27 21:11:03,650 [INFO] PluginManager:220 - loadIPPluginJar : add fmc
2026-01-27 21:11:03,655 [INFO] IPUIPlugin:80 - create IPUIPlugin
2026-01-27 21:11:03,655 [INFO] PluginManager:220 - loadIPPluginJar : add freertos
2026-01-27 21:11:03,658 [INFO] IPUIPlugin:80 - create IPUIPlugin
2026-01-27 21:11:03,658 [INFO] PluginManager:220 - loadIPPluginJar : add genericplugin
2026-01-27 21:11:03,660 [INFO] IPUIPlugin:80 - create IPUIPlugin
2026-01-27 21:11:03,660 [INFO] PluginManager:220 - loadIPPluginJar : add gfxmmu
2026-01-27 21:11:03,665 [INFO] IPUIPlugin:80 - create IPUIPlugin
2026-01-27 21:11:03,665 [INFO] PluginManager:220 - loadIPPluginJar : add gic
2026-01-27 21:11:03,669 [INFO] IPUIPlugin:80 - create IPUIPlugin
2026-01-27 21:11:03,670 [INFO] PluginManager:220 - loadIPPluginJar : add gpio
2026-01-27 21:11:03,673 [INFO] IPUIPlugin:80 - create IPUIPlugin
2026-01-27 21:11:03,674 [INFO] PluginManager:220 - loadIPPluginJar : add gtzc
2026-01-27 21:11:03,677 [INFO] IPUIPlugin:80 - create IPUIPlugin
2026-01-27 21:11:03,677 [INFO] PluginManager:220 - loadIPPluginJar : add hash
2026-01-27 21:11:03,680 [INFO] IPUIPlugin:80 - create IPUIPlugin
2026-01-27 21:11:03,680 [INFO] PluginManager:220 - loadIPPluginJar : add i2c
2026-01-27 21:11:03,683 [INFO] IPUIPlugin:80 - create IPUIPlugin
2026-01-27 21:11:03,683 [INFO] PluginManager:220 - loadIPPluginJar : add i2s
2026-01-27 21:11:03,688 [INFO] IPUIPlugin:80 - create IPUIPlugin
2026-01-27 21:11:03,688 [INFO] PluginManager:220 - loadIPPluginJar : add i3c
2026-01-27 21:11:03,691 [INFO] IPUIPlugin:80 - create IPUIPlugin
2026-01-27 21:11:03,692 [INFO] PluginManager:220 - loadIPPluginJar : add ipddr
2026-01-27 21:11:03,697 [INFO] IPUIPlugin:80 - create IPUIPlugin
2026-01-27 21:11:03,698 [INFO] PluginManager:220 - loadIPPluginJar : add linkedlist
2026-01-27 21:11:03,702 [INFO] IPUIPlugin:80 - create IPUIPlugin
2026-01-27 21:11:03,702 [INFO] PluginManager:220 - loadIPPluginJar : add lorawan
2026-01-27 21:11:03,704 [INFO] IPUIPlugin:80 - create IPUIPlugin
2026-01-27 21:11:03,704 [INFO] PluginManager:220 - loadIPPluginJar : add ltdc
2026-01-27 21:11:03,724 [INFO] IPUIPlugin:80 - create IPUIPlugin
2026-01-27 21:11:03,724 [INFO] PluginManager:220 - loadIPPluginJar : add mdma
2026-01-27 21:11:03,729 [INFO] IPUIPlugin:80 - create IPUIPlugin
2026-01-27 21:11:03,730 [INFO] PluginManager:220 - loadIPPluginJar : add nvic
2026-01-27 21:11:03,749 [INFO] IPUIPlugin:80 - create IPUIPlugin
2026-01-27 21:11:03,749 [INFO] PluginManager:220 - loadIPPluginJar : add opamp
2026-01-27 21:11:03,754 [INFO] IPUIPlugin:80 - create IPUIPlugin
2026-01-27 21:11:03,755 [INFO] PluginManager:220 - loadIPPluginJar : add openamp
2026-01-27 21:11:03,759 [INFO] IPUIPlugin:80 - create IPUIPlugin
2026-01-27 21:11:03,759 [INFO] PluginManager:220 - loadIPPluginJar : add pdm2pcm
2026-01-27 21:11:03,766 [INFO] IPUIPlugin:80 - create IPUIPlugin
2026-01-27 21:11:03,771 [INFO] PluginManager:220 - loadIPPluginJar : add plateformsettings
2026-01-27 21:11:03,773 [INFO] IPUIPlugin:80 - create IPUIPlugin
2026-01-27 21:11:03,774 [INFO] PluginManager:220 - loadIPPluginJar : add quadspi
2026-01-27 21:11:03,776 [INFO] IPUIPlugin:80 - create IPUIPlugin
2026-01-27 21:11:03,777 [INFO] PluginManager:220 - loadIPPluginJar : add radio
2026-01-27 21:11:03,781 [INFO] IPUIPlugin:80 - create IPUIPlugin
2026-01-27 21:11:03,781 [INFO] PluginManager:220 - loadIPPluginJar : add resmgrutility
2026-01-27 21:11:03,786 [INFO] IPUIPlugin:80 - create IPUIPlugin
2026-01-27 21:11:03,787 [INFO] PluginManager:220 - loadIPPluginJar : add sai
2026-01-27 21:11:03,789 [INFO] IPUIPlugin:80 - create IPUIPlugin
2026-01-27 21:11:03,789 [INFO] PluginManager:220 - loadIPPluginJar : add spi
2026-01-27 21:11:03,797 [INFO] IPUIPlugin:80 - create IPUIPlugin
2026-01-27 21:11:03,797 [INFO] PluginManager:220 - loadIPPluginJar : add stm32_wpan
2026-01-27 21:11:03,800 [INFO] IPUIPlugin:80 - create IPUIPlugin
2026-01-27 21:11:03,800 [INFO] PluginManager:220 - loadIPPluginJar : add tim
2026-01-27 21:11:03,804 [INFO] IPUIPlugin:80 - create IPUIPlugin
2026-01-27 21:11:03,805 [INFO] PluginManager:220 - loadIPPluginJar : add touchsensing
2026-01-27 21:11:03,808 [INFO] IPUIPlugin:80 - create IPUIPlugin
2026-01-27 21:11:03,808 [INFO] PluginManager:220 - loadIPPluginJar : add tracer_emb
2026-01-27 21:11:03,810 [INFO] IPUIPlugin:80 - create IPUIPlugin
2026-01-27 21:11:03,810 [INFO] PluginManager:220 - loadIPPluginJar : add ts
2026-01-27 21:11:03,813 [INFO] IPUIPlugin:80 - create IPUIPlugin
2026-01-27 21:11:03,813 [INFO] PluginManager:220 - loadIPPluginJar : add tsc
2026-01-27 21:11:03,816 [INFO] IPUIPlugin:80 - create IPUIPlugin
2026-01-27 21:11:03,816 [INFO] PluginManager:220 - loadIPPluginJar : add ucpd
2026-01-27 21:11:03,819 [INFO] IPUIPlugin:80 - create IPUIPlugin
2026-01-27 21:11:03,819 [INFO] PluginManager:220 - loadIPPluginJar : add usart
2026-01-27 21:11:03,825 [INFO] IPUIPlugin:80 - create IPUIPlugin
2026-01-27 21:11:03,826 [INFO] PluginManager:220 - loadIPPluginJar : add usbx
2026-01-27 21:11:03,963 [FATAL] Updater:351 - Updater called before beeing initialized
2026-01-27 21:11:03,994 [INFO] RulesReader:64 - Compatibility file has been processed (317 Rules)
2026-01-27 21:11:04,006 [INFO] RulesReader:64 - Compatibility file has been processed (317 Rules)
2026-01-27 21:11:04,017 [INFO] CADModel:165 - CPN selected for project level
2026-01-27 21:11:04,017 [INFO] CADModel:114 - Register for checkConnection events
2026-01-27 21:11:04,017 [FATAL] Updater:351 - Updater called before beeing initialized
2026-01-27 21:11:04,017 [ERROR] CADModel:125 - Updater not yet initialized, retry later 
2026-01-27 21:11:04,181 [FATAL] Updater:351 - Updater called before beeing initialized
2026-01-27 21:11:04,183 [INFO] CADModel:165 - CPN selected for project level
2026-01-27 21:11:04,183 [INFO] CADModel:114 - Register for checkConnection events
2026-01-27 21:11:04,183 [FATAL] Updater:351 - Updater called before beeing initialized
2026-01-27 21:11:04,183 [ERROR] CADModel:125 - Updater not yet initialized, retry later 
2026-01-27 21:11:04,186 [FATAL] Updater:351 - Updater called before beeing initialized
2026-01-27 21:11:04,261 [FATAL] Updater:351 - Updater called before beeing initialized
2026-01-27 21:11:04,264 [INFO] DbMcusAds:53 - JSON generation date=Thu Jan 08 16:56:32 CET 2026 (1767887792457)
2026-01-27 21:11:04,264 [FATAL] Updater:351 - Updater called before beeing initialized
2026-01-27 21:11:04,284 [WARN] DetailPanel:346 - Failed to get advertising image, set to default
2026-01-27 21:11:04,334 [FATAL] Updater:351 - Updater called before beeing initialized
2026-01-27 21:11:04,338 [FATAL] Updater:351 - Updater called before beeing initialized
2026-01-27 21:11:04,338 [FATAL] Updater:351 - Updater called before beeing initialized
2026-01-27 21:11:04,338 [WARN] DetailPanel:346 - Failed to get advertising image, set to default
2026-01-27 21:11:04,339 [FATAL] Updater:351 - Updater called before beeing initialized
2026-01-27 21:11:04,365 [ERROR] Updater:1198 - MainUpdater not yet initialized. External WinMGr cannot be set.
2026-01-27 21:11:04,367 [INFO] Updater:1134 - Updater Version found : 6.15.0
2026-01-27 21:11:04,376 [INFO] ApplicationProperties:184 - Using Application install path: C:\ST\STM32CubeIDE_1.19.0\STM32CubeIDE\plugins\com.st.stm32cube.common.mx_6.15.0.202507011659
2026-01-27 21:11:05,781 [INFO] ThirdPartyUpdaterWithRetryManager:70 - Updater plugin not ready yet. [2/15]
2026-01-27 21:11:05,940 [ERROR] LogOutputStream:75 - [STDERR_REDIRECT] Jan 27, 2026 9:11:05 PM java.util.prefs.WindowsPreferences <init>
2026-01-27 21:11:05,941 [ERROR] LogOutputStream:75 - [STDERR_REDIRECT] WARNING: Could not open/create prefs root node Software\JavaSoft\Prefs at root 0xffffffff80000002. Windows RegCreateKeyEx(...) returned error code 5.
2026-01-27 21:11:05,941 [ERROR] LogOutputStream:75 - [STDERR_REDIRECT] 
2026-01-27 21:11:05,964 [INFO] MainUpdater:525 - Copy updater definitions from MX database
2026-01-27 21:11:06,360 [INFO] MainUpdater:2872 - connection check result : 10
2026-01-27 21:11:06,361 [INFO] MainUpdater:3604 - Updater definition file requires update
2026-01-27 21:11:06,361 [INFO] MainUpdater:289 - Updater Check For Update Now.
2026-01-27 21:11:06,362 [INFO] MicroXplorer:498 - Change Database Version : DB.6.0.150
2026-01-27 21:11:06,367 [INFO] McuFinderGlobals:63 - Set McuFinder mode to 2 (CubeIDE integrated)
2026-01-27 21:11:06,367 [INFO] UserAuth:171 - activating auth plugin
2026-01-27 21:11:06,369 [INFO] UserAuth:487 - Internet connection configuration mode: 1
2026-01-27 21:11:06,384 [INFO] JxBrowserEngine:152 - Initiate JxBrowser Engine with user profile folder
2026-01-27 21:11:06,635 [INFO] ServerAccessManage:452 - Complete download http(s) 200
2026-01-27 21:11:06,636 [INFO] ServerAccessManage:509 - Download File updaters.zip
2026-01-27 21:11:06,724 [INFO] FileExtend:248 - Unzip File : updaters.zip
2026-01-27 21:11:06,724 [INFO] FileExtend:263 - Standard Zip Deflate
2026-01-27 21:11:06,998 [INFO] ServerAccessManage:452 - Complete download http(s) 200
2026-01-27 21:11:06,998 [INFO] ServerAccessManage:509 - Download File PacksControlFlags.xml
2026-01-27 21:11:07,053 [INFO] ServerAccessManage:452 - Complete download http(s) 200
2026-01-27 21:11:07,054 [INFO] ServerAccessManage:509 - Download File cubemx.pidx
2026-01-27 21:11:07,576 [INFO] ServerAccessManage:452 - Complete download http(s) 200
2026-01-27 21:11:07,576 [INFO] ServerAccessManage:509 - Download File STMicroelectronics.X-CUBE-NFC6.pdsc
2026-01-27 21:11:08,063 [INFO] ServerAccessManage:452 - Complete download http(s) 200
2026-01-27 21:11:08,063 [INFO] ServerAccessManage:509 - Download File STMicroelectronics.X-CUBE-STSE01.pdsc
2026-01-27 21:11:08,489 [WARN] PackLoader:240 - Cannot read IP mode file for STMicroelectronics.X-CUBE-NFC6.3.2.0
2026-01-27 21:11:08,497 [WARN] PackLoader:240 - Cannot read IP mode file for STMicroelectronics.X-CUBE-STSE01.2.0.0
2026-01-27 21:11:08,498 [INFO] PopulateThirdPartyThread:66 - Ending populate Thread
2026-01-27 21:11:08,499 [INFO] ThirdParty:1030 - CMSIS Pack Vendor :STMicroelectronics X-CUBE-STSE01 2.0.0
2026-01-27 21:11:08,499 [INFO] ThirdParty:1030 - CMSIS Pack Vendor :STMicroelectronics X-CUBE-NFC6 3.2.0
2026-01-27 21:11:08,499 [INFO] LoadServerUpdatesThread:375 - End of LoadServerUpdate Thread
2026-01-27 21:11:08,544 [INFO] CheckServerUpdateThread:120 - End of CheckServer Thread
2026-01-27 21:11:08,871 [WARN] PackLoader:240 - Cannot read IP mode file for STMicroelectronics.FP-SNS-MOTENVWB1.1.4.0
2026-01-27 21:11:08,877 [WARN] PackLoader:240 - Cannot read IP mode file for STMicroelectronics.FP-ATR-ASTRA1.2.0.2
2026-01-27 21:11:08,885 [WARN] PackLoader:240 - Cannot read IP mode file for STMicroelectronics.X-CUBE-SMBUS.2.1.0
2026-01-27 21:11:08,888 [WARN] PackLoader:240 - Cannot read IP mode file for STMicroelectronics.X-CUBE-TOUCHGFX.4.23.0
2026-01-27 21:11:08,898 [WARN] PackLoader:240 - Cannot read IP mode file for STMicroelectronics.X-CUBE-AZRTOS-F7.1.1.0
2026-01-27 21:11:08,903 [WARN] PackLoader:240 - Cannot read IP mode file for STMicroelectronics.FP-SNS-MOTENV1.4.3.2
2026-01-27 21:11:08,906 [WARN] PackLoader:240 - Cannot read IP mode file for STMicroelectronics.FP-SNS-MOTENV1.5.1.0
2026-01-27 21:11:08,909 [WARN] PackLoader:240 - Cannot read IP mode file for STMicroelectronics.FP-SNS-FLIGHT1.5.0.2
2026-01-27 21:11:08,918 [WARN] PackLoader:240 - Cannot read IP mode file for STMicroelectronics.X-CUBE-AZRTOS-H7.3.4.0
2026-01-27 21:11:08,924 [WARN] PackLoader:240 - Cannot read IP mode file for STMicroelectronics.X-CUBE-DISPLAY.3.0.0
2026-01-27 21:11:08,929 [WARN] PackLoader:240 - Cannot read IP mode file for STMicroelectronics.X-CUBE-BLE1.7.0.0
2026-01-27 21:11:08,932 [WARN] PackLoader:240 - Cannot read IP mode file for STMicroelectronics.X-CUBE-NFC10.1.0.0
2026-01-27 21:11:08,935 [WARN] PackLoader:240 - Cannot read IP mode file for STMicroelectronics.X-CUBE-ST60.1.1.0
2026-01-27 21:11:08,939 [WARN] PackLoader:240 - Cannot read IP mode file for emotas.I-CUBE-CANOPEN.1.3.0
2026-01-27 21:11:08,941 [WARN] PackLoader:240 - Cannot read IP mode file for STMicroelectronics.X-CUBE-GNSS1.7.1.0
2026-01-27 21:11:08,945 [WARN] PackLoader:240 - Cannot read IP mode file for STMicroelectronics.FP-SNS-STBOX1.2.1.0
2026-01-27 21:11:08,948 [WARN] PackLoader:240 - Cannot read IP mode file for STMicroelectronics.FP-SNS-SMARTAG2.1.2.0
2026-01-27 21:11:08,950 [WARN] PackLoader:240 - Cannot read IP mode file for STMicroelectronics.FP-SNS-FLIGHT1.5.1.0
2026-01-27 21:11:08,953 [INFO] LogOutputStream:77 - [STDOUT_REDIRECT] 1 : Invalid condition id : UX_CORESTACK_Condition cause : null
2026-01-27 21:11:08,954 [INFO] LogOutputStream:77 - [STDOUT_REDIRECT] 1 : Invalid condition id : UX_CORESTACK_Condition cause : null
2026-01-27 21:11:08,955 [INFO] LogOutputStream:77 - [STDOUT_REDIRECT] 1 : Invalid condition id : UX_CORESTACK_Condition cause : null
2026-01-27 21:11:08,955 [INFO] LogOutputStream:77 - [STDOUT_REDIRECT] 1 : Invalid condition id : UX_CORESTACK_Condition cause : null
2026-01-27 21:11:08,956 [INFO] LogOutputStream:77 - [STDOUT_REDIRECT] 1 : Invalid condition id : UX_CORESTACK_Condition cause : null
2026-01-27 21:11:08,957 [WARN] PackLoader:240 - Cannot read IP mode file for STMicroelectronics.X-CUBE-AZRTOS-WL.2.0.0
2026-01-27 21:11:08,964 [WARN] PackLoader:240 - Cannot read IP mode file for STMicroelectronics.X-CUBE-AZRTOS-H7RS.1.2.0
2026-01-27 21:11:08,969 [WARN] PackLoader:240 - Cannot read IP mode file for WES.I-CUBE-Cesium.1.3.0
2026-01-27 21:11:08,972 [WARN] PackLoader:240 - Cannot read IP mode file for STMicroelectronics.X-CUBE-BLE2.3.3.0
2026-01-27 21:11:08,983 [WARN] PackLoader:240 - Cannot read IP mode file for STMicroelectronics.X-CUBE-NFC9.1.0.0
2026-01-27 21:11:08,986 [WARN] PackLoader:240 - Cannot read IP mode file for STMicroelectronics.X-CUBE-BLE1.7.1.0
2026-01-27 21:11:08,988 [WARN] PackLoader:240 - Cannot read IP mode file for wolfSSL.I-CUBE-wolfMQTT.1.19.2
2026-01-27 21:11:08,991 [WARN] PackLoader:240 - Cannot read IP mode file for STMicroelectronics.X-CUBE-FREERTOS.1.4.0
2026-01-27 21:11:08,995 [WARN] PackLoader:240 - Cannot read IP mode file for STMicroelectronics.X-CUBE-EEPRMA1.5.2.0
2026-01-27 21:11:08,998 [WARN] PackLoader:240 - Cannot read IP mode file for Cesanta.I-CUBE-Mongoose.7.20.0
2026-01-27 21:11:09,013 [WARN] PackLoader:240 - Cannot read IP mode file for STMicroelectronics.X-CUBE-MEMS1.12.0.0
2026-01-27 21:11:09,050 [WARN] PackLoader:240 - Cannot read IP mode file for STMicroelectronics.X-CUBE-ALGOBUILD.1.3.0
2026-01-27 21:11:09,056 [WARN] PackLoader:240 - Cannot read IP mode file for STMicroelectronics.X-CUBE-AZRTOS-G0.1.1.0
2026-01-27 21:11:09,060 [WARN] PackLoader:240 - Cannot read IP mode file for STMicroelectronics.X-CUBE-NFC4.3.0.0
2026-01-27 21:11:09,065 [WARN] PackLoader:240 - Cannot read IP mode file for EmbeddedOffice.I-CUBE-FS-RTOS.1.0.1
2026-01-27 21:11:09,068 [WARN] PackLoader:240 - Cannot read IP mode file for STMicroelectronics.X-CUBE-WB05N.2.0.0
2026-01-27 21:11:09,072 [WARN] PackLoader:240 - Cannot read IP mode file for STMicroelectronics.X-CUBE-BLEMGR.3.0.0
2026-01-27 21:11:09,076 [WARN] PackLoader:240 - Cannot read IP mode file for wolfSSL.I-CUBE-wolfTPM.3.8.0
2026-01-27 21:11:09,078 [WARN] PackLoader:240 - Cannot read IP mode file for STMicroelectronics.X-CUBE-TCPP.4.2.0
2026-01-27 21:11:09,082 [WARN] PackLoader:240 - Cannot read IP mode file for RealThread.X-CUBE-RT-Thread_Nano.4.1.1
2026-01-27 21:11:09,084 [WARN] PackLoader:240 - Cannot read IP mode file for STMicroelectronics.FP-ATR-SIGFOX1.3.2.0
2026-01-27 21:11:09,087 [WARN] PackLoader:240 - Cannot read IP mode file for STMicroelectronics.X-CUBE-EEPRMA1.5.1.0
2026-01-27 21:11:09,090 [WARN] PackLoader:240 - Cannot read IP mode file for STMicroelectronics.X-CUBE-NFC6.3.2.0
2026-01-27 21:11:09,093 [WARN] PackLoader:240 - Cannot read IP mode file for STMicroelectronics.X-CUBE-AI.10.2.0
2026-01-27 21:11:09,103 [WARN] PackLoader:240 - Cannot read IP mode file for SEGGER.I-CUBE-embOS.1.3.1
2026-01-27 21:11:09,117 [WARN] PackLoader:240 - Cannot read IP mode file for STMicroelectronics.X-CUBE-ALGOBUILD.1.4.0
2026-01-27 21:11:09,119 [WARN] PackLoader:240 - Cannot read IP mode file for STMicroelectronics.X-CUBE-PM33A1.1.0.0
2026-01-27 21:11:09,122 [WARN] PackLoader:240 - Cannot read IP mode file for STMicroelectronics.X-CUBE-GNSS1.6.0.0
2026-01-27 21:11:09,128 [WARN] PackLoader:240 - Cannot read IP mode file for STMicroelectronics.X-CUBE-AZRTOS-F4.1.1.0
2026-01-27 21:11:09,131 [WARN] PackLoader:240 - Cannot read IP mode file for STMicroelectronics.X-CUBE-ISPU.2.1.0
2026-01-27 21:11:09,136 [WARN] PackLoader:240 - Cannot read IP mode file for STMicroelectronics.X-CUBE-IPS.3.2.0
2026-01-27 21:11:09,140 [WARN] PackLoader:240 - Cannot read IP mode file for wolfSSL.I-CUBE-wolfSSL.5.6.6
2026-01-27 21:11:09,143 [WARN] PackLoader:240 - Cannot read IP mode file for STMicroelectronics.X-CUBE-NFC12.1.0.0
2026-01-27 21:11:09,154 [WARN] PackLoader:240 - Cannot read IP mode file for STMicroelectronics.X-CUBE-AZRTOS-L5.2.0.0
2026-01-27 21:11:09,157 [WARN] PackLoader:240 - Cannot read IP mode file for STMicroelectronics.X-CUBE-EEPRMA1.4.2.0
2026-01-27 21:11:09,160 [WARN] PackLoader:240 - Cannot read IP mode file for STMicroelectronics.X-CUBE-NFC6.3.1.0
2026-01-27 21:11:09,164 [WARN] PackLoader:240 - Cannot read IP mode file for ITTIA_DB.I-CUBE-ITTIADB.8.8.0
2026-01-27 21:11:09,166 [WARN] PackLoader:240 - Cannot read IP mode file for STMicroelectronics.X-CUBE-NFC7.1.0.1
2026-01-27 21:11:09,168 [WARN] PackLoader:240 - Cannot read IP mode file for STMicroelectronics.X-CUBE-TOUCHGFX.4.26.0
2026-01-27 21:11:09,171 [WARN] PackLoader:240 - Cannot read IP mode file for STMicroelectronics.X-CUBE-NFC6.3.0.0
2026-01-27 21:11:09,175 [WARN] PackLoader:240 - Cannot read IP mode file for STMicroelectronics.FP-SNS-STAIOTCFT.1.0.0
2026-01-27 21:11:09,178 [WARN] PackLoader:240 - Cannot read IP mode file for STMicroelectronics.X-CUBE-DPower.1.3.0
2026-01-27 21:11:09,180 [WARN] PackLoader:240 - Cannot read IP mode file for STMicroelectronics.X-CUBE-AI.8.1.0
2026-01-27 21:11:09,186 [WARN] ConditionMgr:438 - getConditionDescription Invalid condition id : LAN8742 Phy interface Condition cause : null
2026-01-27 21:11:09,186 [WARN] PackLoader:240 - Cannot read IP mode file for STMicroelectronics.X-CUBE-AZRTOS-L4.2.0.0
2026-01-27 21:11:09,187 [WARN] ConditionMgr:1044 - genDependencies : Invalid condition id : LAN8742 Phy interface Condition cause : null
2026-01-27 21:11:09,187 [WARN] ConditionMgr:1044 - genDependencies : Invalid condition id : LAN8742 Phy interface Condition cause : null
2026-01-27 21:11:09,187 [WARN] ConditionMgr:1044 - genDependencies : Invalid condition id : LAN8742 Phy interface Condition cause : null
2026-01-27 21:11:09,190 [WARN] PackLoader:240 - Cannot read IP mode file for STMicroelectronics.X-CUBE-SFXS2LP1.4.0.0
2026-01-27 21:11:09,193 [WARN] PackLoader:240 - Cannot read IP mode file for STMicroelectronics.X-CUBE-ST67W61.1.2.0
2026-01-27 21:11:09,197 [WARN] PackLoader:240 - Cannot read IP mode file for STMicroelectronics.X-CUBE-BLEMGR.4.1.0
2026-01-27 21:11:09,202 [WARN] ConditionMgr:438 - getConditionDescription Invalid condition id : UX DEVICE CLASS RTOS Condition cause : null
2026-01-27 21:11:09,203 [WARN] ConditionMgr:438 - getConditionDescription Invalid condition id : UX DEVICE CLASS RTOS Condition cause : null
2026-01-27 21:11:09,203 [WARN] PackLoader:240 - Cannot read IP mode file for STMicroelectronics.X-CUBE-AZRTOS-WB.2.0.0
2026-01-27 21:11:09,203 [WARN] ConditionMgr:1044 - genDependencies : Invalid condition id : UX DEVICE CLASS RTOS Condition cause : null
2026-01-27 21:11:09,203 [WARN] ConditionMgr:1044 - genDependencies : Invalid condition id : UX DEVICE CLASS RTOS Condition cause : null
2026-01-27 21:11:09,203 [WARN] ConditionMgr:1044 - genDependencies : Invalid condition id : UX DEVICE CLASS RTOS Condition cause : null
2026-01-27 21:11:09,204 [WARN] ConditionMgr:1044 - genDependencies : Invalid condition id : UX DEVICE CLASS RTOS Condition cause : null
2026-01-27 21:11:09,204 [WARN] ConditionMgr:1044 - genDependencies : Invalid condition id : UX DEVICE CLASS RTOS Condition cause : null
2026-01-27 21:11:09,206 [WARN] ConditionMgr:438 - getConditionDescription Invalid condition id : Cortex-A Device cause : null
2026-01-27 21:11:09,210 [WARN] ConditionMgr:1044 - genDependencies : Invalid condition id : Cortex-A Device cause : null
2026-01-27 21:11:09,210 [WARN] ConditionMgr:1044 - genDependencies : Invalid condition id : Cortex-A Device cause : null
2026-01-27 21:11:09,210 [WARN] ConditionMgr:1044 - genDependencies : Invalid condition id : Cortex-A Device cause : null
2026-01-27 21:11:09,214 [WARN] PackLoader:240 - Cannot read IP mode file for STMicroelectronics.X-CUBE-STSE01.2.0.0
2026-01-27 21:11:09,218 [WARN] PackLoader:240 - Cannot read IP mode file for STMicroelectronics.X-CUBE-SUBG2.5.0.0
2026-01-27 21:11:09,225 [WARN] PackLoader:240 - Cannot read IP mode file for STMicroelectronics.X-CUBE-AZRTOS-G4.2.0.0
2026-01-27 21:11:09,231 [WARN] PackLoader:240 - Cannot read IP mode file for Infineon.AIROC-Wi-Fi-Bluetooth-STM32.1.5.1
2026-01-27 21:11:09,235 [WARN] PackLoader:240 - Cannot read IP mode file for wolfSSL.I-CUBE-wolfSSH.1.4.20
2026-01-27 21:11:09,237 [WARN] PackLoader:240 - Cannot read IP mode file for STMicroelectronics.X-CUBE-NFC7.2.0.0
2026-01-27 21:11:09,239 [WARN] PackLoader:240 - Cannot read IP mode file for STMicroelectronics.FP-SNS-MOTENVWB1.1.3.1
2026-01-27 21:11:09,241 [WARN] PackLoader:240 - Cannot read IP mode file for STMicroelectronics.X-CUBE-ISPU.2.0.0
2026-01-27 21:11:09,243 [WARN] PackLoader:240 - Cannot read IP mode file for STMicroelectronics.X-CUBE-ALS.1.0.2
2026-01-27 21:11:09,256 [WARN] PackLoader:240 - Cannot read IP mode file for STMicroelectronics.X-CUBE-MEMS1.10.0.0
2026-01-27 21:11:09,289 [WARN] PackLoader:240 - Cannot read IP mode file for STMicroelectronics.X-CUBE-FREERTOS.1.1.0
2026-01-27 21:11:09,292 [WARN] PackLoader:240 - Cannot read IP mode file for STMicroelectronics.X-CUBE-STSE01.1.0.0
2026-01-27 21:11:09,295 [WARN] PackLoader:240 - Cannot read IP mode file for portGmbH.I-Cube-SoM-uGOAL.1.1.0
2026-01-27 21:11:09,297 [WARN] PackLoader:240 - Cannot read IP mode file for STMicroelectronics.X-CUBE-ALS.1.0.1
2026-01-27 21:11:09,298 [WARN] PackLoader:240 - Cannot read IP mode file for STMicroelectronics.FP-ATR-ASTRA1.2.0.0
2026-01-27 21:11:09,303 [WARN] PackLoader:240 - Cannot read IP mode file for STMicroelectronics.X-CUBE-TOF1.3.4.3
2026-01-27 21:11:09,310 [WARN] PackLoader:240 - Cannot read IP mode file for STMicroelectronics.X-CUBE-TOF1.3.4.0
2026-01-27 21:11:09,320 [WARN] PackLoader:240 - Cannot read IP mode file for STMicroelectronics.X-CUBE-AZRTOS-H7.3.2.0
2026-01-27 21:11:09,321 [INFO] ThirdParty:978 - Integrity check success = true
2026-01-27 21:11:09,321 [INFO] IntegrityCheckThread:100 - exiting critical section [integrity check]
2026-01-27 21:11:09,321 [INFO] IntegrityCheckThread:103 - End integrity checks thread
2026-01-27 21:11:09,712 [INFO] WebApp:169 - Instantiating new browser for Auth
2026-01-27 21:11:10,160 [INFO] WebApp:463 - Apply proxy settings
2026-01-27 21:11:10,160 [INFO] WebApp:548 - Chromium requires no authentication
2026-01-27 21:11:10,167 [INFO] WebApp:491 - Direct internet connection detected
2026-01-27 21:11:10,224 [INFO] WebApp:900 - Register for checkConnection events
2026-01-27 21:11:10,225 [INFO] WebApp:463 - Apply proxy settings
2026-01-27 21:11:10,225 [INFO] WebApp:548 - Chromium requires no authentication
2026-01-27 21:11:10,225 [INFO] WebApp:491 - Direct internet connection detected
2026-01-27 21:11:10,312 [INFO] WebApp:225 - Starting web application
2026-01-27 21:11:10,313 [INFO] WebApp:593 - Web application path used C:\ST\STM32CubeIDE_1.19.0\STM32CubeIDE\plugins\com.st.stm32cube.common.mx_6.15.0.202507011659\db\plugins\mcufinder\reactClient1\index.html
2026-01-27 21:11:10,379 [INFO] WebApp:191 - Connection restablished
2026-01-27 21:14:15,868 [INFO] WebApp:194 - Connection lost
2026-01-27 21:14:16,023 [INFO] WebApp:191 - Connection restablished
2026-01-27 21:17:15,368 [INFO] WebApp:194 - Connection lost
2026-01-27 21:17:15,601 [INFO] WebApp:191 - Connection restablished
2026-01-27 21:20:15,367 [INFO] WebApp:194 - Connection lost
2026-01-27 21:20:15,522 [INFO] WebApp:191 - Connection restablished
2026-01-27 21:23:15,372 [INFO] WebApp:194 - Connection lost
2026-01-27 21:23:15,553 [INFO] WebApp:191 - Connection restablished
2026-01-27 21:23:29,866 [INFO] WebApp:194 - Connection lost
2026-01-27 21:23:30,015 [INFO] WebApp:191 - Connection restablished
