2026-02-04 17:15:22,257 [INFO] Activator:176 - 


2026-02-04 17:15:22,260 [INFO] Activator:177 - !SESSION log4j initialized
2026-02-04 17:15:23,949 [INFO] LogOutputStream:77 - [STDOUT_REDIRECT] 
2026-02-04 17:15:26,456 [INFO] ApplicationProperties:184 - Using Application install path: C:\ST\STM32CubeIDE_1.19.0\STM32CubeIDE\plugins\com.st.stm32cube.common.mx_6.15.0.202507011659
2026-02-04 17:15:26,484 [INFO] DbMcusXml:78 - Set database path to: C:\ST\STM32CubeIDE_1.19.0\STM32CubeIDE\plugins\com.st.stm32cube.common.mx_6.15.0.202507011659\\db\/mcu/
2026-02-04 17:15:26,484 [INFO] ApiDb:274 - Set plugin database path to: C:\ST\STM32CubeIDE_1.19.0\STM32CubeIDE\plugins\com.st.stm32cube.common.mx_6.15.0.202507011659\\db\/plugins/boardmanager/
2026-02-04 17:15:26,485 [WARN] ApiDb:259 - Overriding images path with different value:  => C:\ST\STM32CubeIDE_1.19.0\STM32CubeIDE\plugins\com.st.stm32cube.common.mx_6.15.0.202507011659\\db\/plugins/mcufinder/images/
2026-02-04 17:15:26,499 [INFO] ApiDb:250 - Set database path to: C:\Users\Manuel\.stmcufinder\plugins\mcufinder//mcu/
2026-02-04 17:15:26,502 [INFO] DbMcusAds:125 - Set database path to: C:\Users\Manuel\.stmcufinder\plugins\mcufinder//mcu/
2026-02-04 17:15:26,508 [INFO] CrossReferenceDbSqlite:203 - Set database path to: C:\Users\Manuel\.stmcufinder\plugins\mcufinder//mcu/cs/
2026-02-04 17:15:26,737 [INFO] RulesReader:64 - Compatibility file has been processed (317 Rules)
2026-02-04 17:15:26,860 [INFO] DbMcusXml:78 - Set database path to: C:\ST\STM32CubeIDE_1.19.0\STM32CubeIDE\plugins\com.st.stm32cube.common.mx_6.15.0.202507011659\\db\/mcu/
2026-02-04 17:15:26,860 [INFO] ApiDb:274 - Set plugin database path to: C:\ST\STM32CubeIDE_1.19.0\STM32CubeIDE\plugins\com.st.stm32cube.common.mx_6.15.0.202507011659\\db\/plugins/boardmanager/
2026-02-04 17:15:26,860 [INFO] ApiDb:261 - Set plugin images path to: C:\ST\STM32CubeIDE_1.19.0\STM32CubeIDE\plugins\com.st.stm32cube.common.mx_6.15.0.202507011659\\db\/plugins/mcufinder/images/
2026-02-04 17:15:26,860 [WARN] DbFile:41 - Overriding database path with different value: C:\Users\Manuel\.stmcufinder\plugins\mcufinder/ => C:\Users\Manuel\.stmcufinder\plugins\mcufinder
2026-02-04 17:15:26,860 [INFO] ApiDb:250 - Set database path to: C:\Users\Manuel\.stmcufinder\plugins\mcufinder//mcu/
2026-02-04 17:15:26,861 [WARN] DbFile:41 - Overriding database path with different value: C:\Users\Manuel\.stmcufinder\plugins\mcufinder/ => C:\Users\Manuel\.stmcufinder\plugins\mcufinder
2026-02-04 17:15:26,861 [INFO] DbMcusAds:125 - Set database path to: C:\Users\Manuel\.stmcufinder\plugins\mcufinder//mcu/
2026-02-04 17:15:26,861 [WARN] DbFile:41 - Overriding database path with different value: C:\Users\Manuel\.stmcufinder\plugins\mcufinder/ => C:\Users\Manuel\.stmcufinder\plugins\mcufinder
2026-02-04 17:15:26,861 [WARN] DbFile:41 - Overriding database path with different value: C:\Users\Manuel\.stmcufinder\plugins\mcufinder/ => C:\Users\Manuel\.stmcufinder\plugins\mcufinder
2026-02-04 17:15:26,861 [INFO] CrossReferenceDbSqlite:203 - Set database path to: C:\Users\Manuel\.stmcufinder\plugins\mcufinder//mcu/cs/
2026-02-04 17:15:26,974 [INFO] MainPanel:274 - HeapMemory: 309329920
2026-02-04 17:15:27,147 [INFO] DbMcusXml:78 - Set database path to: C:\ST\STM32CubeIDE_1.19.0\STM32CubeIDE\plugins\com.st.stm32cube.common.mx_6.15.0.202507011659\\db\/mcu/
2026-02-04 17:15:27,147 [INFO] ApiDb:274 - Set plugin database path to: C:\ST\STM32CubeIDE_1.19.0\STM32CubeIDE\plugins\com.st.stm32cube.common.mx_6.15.0.202507011659\\db\/plugins/boardmanager/
2026-02-04 17:15:27,147 [INFO] ApiDb:261 - Set plugin images path to: C:\ST\STM32CubeIDE_1.19.0\STM32CubeIDE\plugins\com.st.stm32cube.common.mx_6.15.0.202507011659\\db\/plugins/mcufinder/images/
2026-02-04 17:15:27,148 [WARN] DbFile:41 - Overriding database path with different value: C:\Users\Manuel\.stmcufinder\plugins\mcufinder/ => C:\Users\Manuel\.stmcufinder\plugins\mcufinder
2026-02-04 17:15:27,148 [INFO] ApiDb:250 - Set database path to: C:\Users\Manuel\.stmcufinder\plugins\mcufinder//mcu/
2026-02-04 17:15:27,148 [WARN] DbFile:41 - Overriding database path with different value: C:\Users\Manuel\.stmcufinder\plugins\mcufinder/ => C:\Users\Manuel\.stmcufinder\plugins\mcufinder
2026-02-04 17:15:27,148 [INFO] DbMcusAds:125 - Set database path to: C:\Users\Manuel\.stmcufinder\plugins\mcufinder//mcu/
2026-02-04 17:15:27,149 [WARN] DbFile:41 - Overriding database path with different value: C:\Users\Manuel\.stmcufinder\plugins\mcufinder/ => C:\Users\Manuel\.stmcufinder\plugins\mcufinder
2026-02-04 17:15:27,149 [WARN] DbFile:41 - Overriding database path with different value: C:\Users\Manuel\.stmcufinder\plugins\mcufinder/ => C:\Users\Manuel\.stmcufinder\plugins\mcufinder
2026-02-04 17:15:27,149 [INFO] CrossReferenceDbSqlite:203 - Set database path to: C:\Users\Manuel\.stmcufinder\plugins\mcufinder//mcu/cs/
2026-02-04 17:15:27,171 [INFO] ApplicationProperties:184 - Using Application install path: C:\ST\STM32CubeIDE_1.19.0\STM32CubeIDE\plugins\com.st.stm32cube.common.mx_6.15.0.202507011659
2026-02-04 17:15:27,173 [INFO] PluginManage:196 - Search for loadable plugins [exclusion list=, ]
2026-02-04 17:15:27,175 [INFO] PluginManage:310 - Check plugin analytics
2026-02-04 17:15:27,546 [INFO] AnalyticsPlugin:253 - Accepted Software Licenses: 
2026-02-04 17:15:27,546 [INFO] AnalyticsPlugin:255 - Accepted CMSIS Pack Licenses: 
2026-02-04 17:15:27,547 [INFO] AnalyticsPlugin:257 - Accepted Firmware Licenses: FW.L4.1.18.0
2026-02-04 17:15:27,551 [INFO] PluginManage:359 - Loaded plugin analytics (category:tool,tabindex:-1)
2026-02-04 17:15:27,551 [INFO] PluginManage:310 - Check plugin cadmodel
2026-02-04 17:15:27,557 [INFO] CADModel:105 - Init CAD model plugin
2026-02-04 17:15:27,558 [INFO] PluginManage:359 - Loaded plugin cadmodel (category:power,tabindex:5)
2026-02-04 17:15:27,558 [INFO] PluginManage:310 - Check plugin clock
2026-02-04 17:15:27,575 [INFO] PluginManage:359 - Loaded plugin clock (category:base,tabindex:2)
2026-02-04 17:15:27,575 [INFO] PluginManage:310 - Check plugin ddr
2026-02-04 17:15:27,580 [INFO] PluginManage:359 - Loaded plugin ddr (category:tool,tabindex:6)
2026-02-04 17:15:27,580 [INFO] PluginManage:310 - Check plugin filemanager
2026-02-04 17:15:27,814 [INFO] PluginManage:359 - Loaded plugin filemanager (category:base,tabindex:10)
2026-02-04 17:15:27,814 [INFO] PluginManage:310 - Check plugin ipmanager
2026-02-04 17:15:27,822 [INFO] PluginManage:359 - Loaded plugin ipmanager (category:base,tabindex:5)
2026-02-04 17:15:27,823 [INFO] PluginManage:310 - Check plugin lpbam
2026-02-04 17:15:27,833 [INFO] PluginManage:359 - Loaded plugin lpbam (category:base,tabindex:0)
2026-02-04 17:15:27,833 [INFO] PluginManage:310 - Check plugin memorymap
2026-02-04 17:15:27,869 [INFO] PluginManage:359 - Loaded plugin memorymap (category:base,tabindex:4)
2026-02-04 17:15:27,869 [INFO] PluginManage:310 - Check plugin pinoutandconfiguration
2026-02-04 17:15:27,883 [INFO] PluginManage:359 - Loaded plugin pinoutandconfiguration (category:base,tabindex:1)
2026-02-04 17:15:27,883 [INFO] PluginManage:310 - Check plugin pinoutconfig
2026-02-04 17:15:28,008 [WARN] SupportedApi:132 - Cannot load RTOS API schema: s4s-elt-must-match.1: The content of 'definitions' must match (annotation?, (simpleType | complexType)?, (unique | key | keyref)*)). A problem was found starting at: attribute.
2026-02-04 17:15:28,346 [INFO] PluginManage:359 - Loaded plugin pinoutconfig (category:base,tabindex:0)
2026-02-04 17:15:28,347 [INFO] PluginManage:310 - Check plugin power
2026-02-04 17:15:28,359 [INFO] PluginManage:359 - Loaded plugin power (category:power,tabindex:4)
2026-02-04 17:15:28,359 [INFO] PluginManage:310 - Check plugin projectmanager
2026-02-04 17:15:28,377 [INFO] PluginManage:359 - Loaded plugin projectmanager (category:projectmanager,tabindex:4)
2026-02-04 17:15:28,377 [INFO] PluginManage:310 - Check plugin rif
2026-02-04 17:15:28,396 [INFO] PluginManage:359 - Loaded plugin rif (category:base,tabindex:3)
2026-02-04 17:15:28,396 [INFO] PluginManage:310 - Check plugin thirdparty
2026-02-04 17:15:28,601 [WARN] IntegrityCheckThread:84 - waiting for thirdparty lock release [integrity check]
2026-02-04 17:15:28,602 [INFO] IntegrityCheckThread:86 - entering critical section [integrity check]
2026-02-04 17:15:28,602 [INFO] ThirdPartyUpdaterWithRetryManager:70 - Updater plugin not ready yet. [1/15]
2026-02-04 17:15:28,603 [INFO] PluginManage:359 - Loaded plugin thirdparty (category:base,tabindex:-1)
2026-02-04 17:15:28,603 [INFO] PluginManage:310 - Check plugin tools
2026-02-04 17:15:28,606 [INFO] PluginManage:359 - Loaded plugin tools (category:base,tabindex:7)
2026-02-04 17:15:28,606 [INFO] PluginManage:310 - Check plugin tutovideos
2026-02-04 17:15:28,725 [ERROR] ConfigurationRetriever:142 - IOException on connection: Connect timed out
2026-02-04 17:15:28,747 [INFO] PluginManage:359 - Loaded plugin tutovideos (category:base,tabindex:-1)
2026-02-04 17:15:28,748 [INFO] PluginManage:310 - Check plugin updater
2026-02-04 17:15:28,764 [INFO] PluginManage:359 - Loaded plugin updater (category:base,tabindex:12)
2026-02-04 17:15:28,765 [INFO] PluginManage:310 - Check plugin userauth
2026-02-04 17:15:28,769 [INFO] UserAuth:118 - Init User Auth plugin
2026-02-04 17:15:28,770 [INFO] PluginManage:359 - Loaded plugin userauth (category:base,tabindex:14)
2026-02-04 17:15:28,771 [INFO] PluginManage:283 - PluginManage : Loaded plugins [18]
2026-02-04 17:15:28,929 [INFO] PinOutPanel:1589 - setPackage(No Configuration,No Configuration)
2026-02-04 17:15:28,976 [INFO] CADModel:165 - CPN selected for project level
2026-02-04 17:15:28,977 [INFO] CADModel:114 - Register for checkConnection events
2026-02-04 17:15:28,987 [INFO] IPUIPlugin:80 - create IPUIPlugin
2026-02-04 17:15:28,987 [INFO] PluginManager:220 - loadIPPluginJar : add adc
2026-02-04 17:15:28,988 [INFO] IPUIPlugin:80 - create IPUIPlugin
2026-02-04 17:15:28,988 [INFO] PluginManager:220 - loadIPPluginJar : add aes
2026-02-04 17:15:28,990 [INFO] IPUIPlugin:80 - create IPUIPlugin
2026-02-04 17:15:28,990 [INFO] PluginManager:220 - loadIPPluginJar : add can
2026-02-04 17:15:28,991 [INFO] IPUIPlugin:80 - create IPUIPlugin
2026-02-04 17:15:28,991 [INFO] PluginManager:220 - loadIPPluginJar : add comp
2026-02-04 17:15:28,993 [INFO] IPUIPlugin:80 - create IPUIPlugin
2026-02-04 17:15:28,993 [INFO] PluginManager:220 - loadIPPluginJar : add cryp
2026-02-04 17:15:28,994 [INFO] IPUIPlugin:80 - create IPUIPlugin
2026-02-04 17:15:28,995 [INFO] PluginManager:220 - loadIPPluginJar : add ddr_ctrl_phy
2026-02-04 17:15:28,996 [INFO] IPUIPlugin:80 - create IPUIPlugin
2026-02-04 17:15:28,996 [INFO] PluginManager:220 - loadIPPluginJar : add dfsdm
2026-02-04 17:15:28,999 [INFO] IPUIPlugin:80 - create IPUIPlugin
2026-02-04 17:15:28,999 [INFO] PluginManager:220 - loadIPPluginJar : add dma
2026-02-04 17:15:29,001 [INFO] IPUIPlugin:80 - create IPUIPlugin
2026-02-04 17:15:29,001 [INFO] PluginManager:220 - loadIPPluginJar : add dma3
2026-02-04 17:15:29,003 [INFO] IPUIPlugin:80 - create IPUIPlugin
2026-02-04 17:15:29,003 [INFO] PluginManager:220 - loadIPPluginJar : add extmemmanager
2026-02-04 17:15:29,005 [INFO] IPUIPlugin:80 - create IPUIPlugin
2026-02-04 17:15:29,005 [INFO] PluginManager:220 - loadIPPluginJar : add fatfs
2026-02-04 17:15:29,007 [INFO] IPUIPlugin:80 - create IPUIPlugin
2026-02-04 17:15:29,007 [INFO] PluginManager:220 - loadIPPluginJar : add fmc
2026-02-04 17:15:29,010 [INFO] IPUIPlugin:80 - create IPUIPlugin
2026-02-04 17:15:29,011 [INFO] PluginManager:220 - loadIPPluginJar : add freertos
2026-02-04 17:15:29,011 [INFO] IPUIPlugin:80 - create IPUIPlugin
2026-02-04 17:15:29,011 [INFO] PluginManager:220 - loadIPPluginJar : add genericplugin
2026-02-04 17:15:29,013 [INFO] IPUIPlugin:80 - create IPUIPlugin
2026-02-04 17:15:29,013 [INFO] PluginManager:220 - loadIPPluginJar : add gfxmmu
2026-02-04 17:15:29,015 [INFO] IPUIPlugin:80 - create IPUIPlugin
2026-02-04 17:15:29,015 [INFO] PluginManager:220 - loadIPPluginJar : add gic
2026-02-04 17:15:29,017 [INFO] IPUIPlugin:80 - create IPUIPlugin
2026-02-04 17:15:29,017 [INFO] PluginManager:220 - loadIPPluginJar : add gpio
2026-02-04 17:15:29,019 [INFO] IPUIPlugin:80 - create IPUIPlugin
2026-02-04 17:15:29,019 [INFO] PluginManager:220 - loadIPPluginJar : add gtzc
2026-02-04 17:15:29,021 [INFO] IPUIPlugin:80 - create IPUIPlugin
2026-02-04 17:15:29,021 [INFO] PluginManager:220 - loadIPPluginJar : add hash
2026-02-04 17:15:29,022 [INFO] IPUIPlugin:80 - create IPUIPlugin
2026-02-04 17:15:29,022 [INFO] PluginManager:220 - loadIPPluginJar : add i2c
2026-02-04 17:15:29,024 [INFO] IPUIPlugin:80 - create IPUIPlugin
2026-02-04 17:15:29,024 [INFO] PluginManager:220 - loadIPPluginJar : add i2s
2026-02-04 17:15:29,026 [INFO] IPUIPlugin:80 - create IPUIPlugin
2026-02-04 17:15:29,026 [INFO] PluginManager:220 - loadIPPluginJar : add i3c
2026-02-04 17:15:29,027 [INFO] IPUIPlugin:80 - create IPUIPlugin
2026-02-04 17:15:29,028 [INFO] PluginManager:220 - loadIPPluginJar : add ipddr
2026-02-04 17:15:29,032 [INFO] IPUIPlugin:80 - create IPUIPlugin
2026-02-04 17:15:29,032 [INFO] PluginManager:220 - loadIPPluginJar : add linkedlist
2026-02-04 17:15:29,035 [INFO] IPUIPlugin:80 - create IPUIPlugin
2026-02-04 17:15:29,035 [INFO] PluginManager:220 - loadIPPluginJar : add lorawan
2026-02-04 17:15:29,035 [INFO] IPUIPlugin:80 - create IPUIPlugin
2026-02-04 17:15:29,036 [INFO] PluginManager:220 - loadIPPluginJar : add ltdc
2026-02-04 17:15:29,039 [INFO] IPUIPlugin:80 - create IPUIPlugin
2026-02-04 17:15:29,039 [INFO] PluginManager:220 - loadIPPluginJar : add mdma
2026-02-04 17:15:29,041 [INFO] IPUIPlugin:80 - create IPUIPlugin
2026-02-04 17:15:29,041 [INFO] PluginManager:220 - loadIPPluginJar : add nvic
2026-02-04 17:15:29,042 [INFO] IPUIPlugin:80 - create IPUIPlugin
2026-02-04 17:15:29,043 [INFO] PluginManager:220 - loadIPPluginJar : add opamp
2026-02-04 17:15:29,044 [INFO] IPUIPlugin:80 - create IPUIPlugin
2026-02-04 17:15:29,044 [INFO] PluginManager:220 - loadIPPluginJar : add openamp
2026-02-04 17:15:29,046 [INFO] IPUIPlugin:80 - create IPUIPlugin
2026-02-04 17:15:29,046 [INFO] PluginManager:220 - loadIPPluginJar : add pdm2pcm
2026-02-04 17:15:29,049 [INFO] IPUIPlugin:80 - create IPUIPlugin
2026-02-04 17:15:29,050 [INFO] PluginManager:220 - loadIPPluginJar : add plateformsettings
2026-02-04 17:15:29,051 [INFO] IPUIPlugin:80 - create IPUIPlugin
2026-02-04 17:15:29,051 [INFO] PluginManager:220 - loadIPPluginJar : add quadspi
2026-02-04 17:15:29,052 [INFO] IPUIPlugin:80 - create IPUIPlugin
2026-02-04 17:15:29,053 [INFO] PluginManager:220 - loadIPPluginJar : add radio
2026-02-04 17:15:29,055 [INFO] IPUIPlugin:80 - create IPUIPlugin
2026-02-04 17:15:29,055 [INFO] PluginManager:220 - loadIPPluginJar : add resmgrutility
2026-02-04 17:15:29,056 [INFO] IPUIPlugin:80 - create IPUIPlugin
2026-02-04 17:15:29,056 [INFO] PluginManager:220 - loadIPPluginJar : add sai
2026-02-04 17:15:29,057 [INFO] IPUIPlugin:80 - create IPUIPlugin
2026-02-04 17:15:29,057 [INFO] PluginManager:220 - loadIPPluginJar : add spi
2026-02-04 17:15:29,061 [INFO] IPUIPlugin:80 - create IPUIPlugin
2026-02-04 17:15:29,061 [INFO] PluginManager:220 - loadIPPluginJar : add stm32_wpan
2026-02-04 17:15:29,062 [INFO] IPUIPlugin:80 - create IPUIPlugin
2026-02-04 17:15:29,062 [INFO] PluginManager:220 - loadIPPluginJar : add tim
2026-02-04 17:15:29,064 [INFO] IPUIPlugin:80 - create IPUIPlugin
2026-02-04 17:15:29,064 [INFO] PluginManager:220 - loadIPPluginJar : add touchsensing
2026-02-04 17:15:29,065 [INFO] IPUIPlugin:80 - create IPUIPlugin
2026-02-04 17:15:29,065 [INFO] PluginManager:220 - loadIPPluginJar : add tracer_emb
2026-02-04 17:15:29,066 [INFO] IPUIPlugin:80 - create IPUIPlugin
2026-02-04 17:15:29,066 [INFO] PluginManager:220 - loadIPPluginJar : add ts
2026-02-04 17:15:29,067 [INFO] IPUIPlugin:80 - create IPUIPlugin
2026-02-04 17:15:29,067 [INFO] PluginManager:220 - loadIPPluginJar : add tsc
2026-02-04 17:15:29,068 [INFO] IPUIPlugin:80 - create IPUIPlugin
2026-02-04 17:15:29,068 [INFO] PluginManager:220 - loadIPPluginJar : add ucpd
2026-02-04 17:15:29,070 [INFO] IPUIPlugin:80 - create IPUIPlugin
2026-02-04 17:15:29,070 [INFO] PluginManager:220 - loadIPPluginJar : add usart
2026-02-04 17:15:29,072 [INFO] IPUIPlugin:80 - create IPUIPlugin
2026-02-04 17:15:29,072 [INFO] PluginManager:220 - loadIPPluginJar : add usbx
2026-02-04 17:15:29,171 [FATAL] Updater:351 - Updater called before beeing initialized
2026-02-04 17:15:29,216 [INFO] RulesReader:64 - Compatibility file has been processed (317 Rules)
2026-02-04 17:15:29,226 [INFO] RulesReader:64 - Compatibility file has been processed (317 Rules)
2026-02-04 17:15:29,235 [INFO] CADModel:165 - CPN selected for project level
2026-02-04 17:15:29,235 [INFO] CADModel:114 - Register for checkConnection events
2026-02-04 17:15:29,235 [FATAL] Updater:351 - Updater called before beeing initialized
2026-02-04 17:15:29,235 [ERROR] CADModel:125 - Updater not yet initialized, retry later 
2026-02-04 17:15:29,325 [FATAL] Updater:351 - Updater called before beeing initialized
2026-02-04 17:15:29,326 [INFO] CADModel:165 - CPN selected for project level
2026-02-04 17:15:29,326 [INFO] CADModel:114 - Register for checkConnection events
2026-02-04 17:15:29,326 [FATAL] Updater:351 - Updater called before beeing initialized
2026-02-04 17:15:29,326 [ERROR] CADModel:125 - Updater not yet initialized, retry later 
2026-02-04 17:15:29,328 [FATAL] Updater:351 - Updater called before beeing initialized
2026-02-04 17:15:29,410 [FATAL] Updater:351 - Updater called before beeing initialized
2026-02-04 17:15:29,416 [INFO] DbMcusAds:53 - JSON generation date=Thu Jan 08 16:57:51 CET 2026 (1767887871456)
2026-02-04 17:15:29,416 [FATAL] Updater:351 - Updater called before beeing initialized
2026-02-04 17:15:29,441 [WARN] DetailPanel:346 - Failed to get advertising image, set to default
2026-02-04 17:15:29,491 [FATAL] Updater:351 - Updater called before beeing initialized
2026-02-04 17:15:29,493 [FATAL] Updater:351 - Updater called before beeing initialized
2026-02-04 17:15:29,493 [FATAL] Updater:351 - Updater called before beeing initialized
2026-02-04 17:15:29,493 [WARN] DetailPanel:346 - Failed to get advertising image, set to default
2026-02-04 17:15:29,494 [FATAL] Updater:351 - Updater called before beeing initialized
2026-02-04 17:15:29,521 [ERROR] Updater:1198 - MainUpdater not yet initialized. External WinMGr cannot be set.
2026-02-04 17:15:29,523 [INFO] Updater:1134 - Updater Version found : 6.15.0
2026-02-04 17:15:29,533 [INFO] ApplicationProperties:184 - Using Application install path: C:\ST\STM32CubeIDE_1.19.0\STM32CubeIDE\plugins\com.st.stm32cube.common.mx_6.15.0.202507011659
2026-02-04 17:15:31,099 [ERROR] LogOutputStream:75 - [STDERR_REDIRECT] Feb 04, 2026 5:15:31 PM java.util.prefs.WindowsPreferences <init>
2026-02-04 17:15:31,099 [ERROR] LogOutputStream:75 - [STDERR_REDIRECT] WARNING: Could not open/create prefs root node Software\JavaSoft\Prefs at root 0xffffffff80000002. Windows RegCreateKeyEx(...) returned error code 5.
2026-02-04 17:15:31,099 [ERROR] LogOutputStream:75 - [STDERR_REDIRECT] 
2026-02-04 17:15:31,340 [INFO] MainUpdater:2872 - connection check result : 10
2026-02-04 17:15:31,340 [INFO] MainUpdater:289 - Updater Check For Update Now.
2026-02-04 17:15:31,340 [INFO] MicroXplorer:498 - Change Database Version : DB.6.0.150
2026-02-04 17:15:31,356 [INFO] McuFinderGlobals:63 - Set McuFinder mode to 2 (CubeIDE integrated)
2026-02-04 17:15:31,357 [INFO] UserAuth:487 - Internet connection configuration mode: 1
2026-02-04 17:15:31,390 [INFO] JxBrowserEngine:152 - Initiate JxBrowser Engine with user profile folder
2026-02-04 17:15:31,498 [INFO] CheckServerUpdateThread:120 - End of CheckServer Thread
2026-02-04 17:15:31,780 [WARN] PackLoader:240 - Cannot read IP mode file for STMicroelectronics.FP-SNS-MOTENVWB1.1.4.0
2026-02-04 17:15:31,784 [WARN] PackLoader:240 - Cannot read IP mode file for STMicroelectronics.FP-ATR-ASTRA1.2.0.2
2026-02-04 17:15:31,788 [WARN] PackLoader:240 - Cannot read IP mode file for STMicroelectronics.X-CUBE-SMBUS.2.1.0
2026-02-04 17:15:31,791 [WARN] PackLoader:240 - Cannot read IP mode file for STMicroelectronics.X-CUBE-TOUCHGFX.4.23.0
2026-02-04 17:15:31,807 [WARN] PackLoader:240 - Cannot read IP mode file for STMicroelectronics.X-CUBE-AZRTOS-F7.1.1.0
2026-02-04 17:15:31,811 [WARN] PackLoader:240 - Cannot read IP mode file for STMicroelectronics.FP-SNS-MOTENV1.4.3.2
2026-02-04 17:15:31,814 [WARN] PackLoader:240 - Cannot read IP mode file for STMicroelectronics.FP-SNS-MOTENV1.5.1.0
2026-02-04 17:15:31,822 [WARN] PackLoader:240 - Cannot read IP mode file for WES.I-CUBE-Cesium.1.4.0
2026-02-04 17:15:31,825 [WARN] PackLoader:240 - Cannot read IP mode file for STMicroelectronics.FP-SNS-FLIGHT1.5.0.2
2026-02-04 17:15:31,838 [WARN] PackLoader:240 - Cannot read IP mode file for STMicroelectronics.X-CUBE-AZRTOS-H7.3.4.0
2026-02-04 17:15:31,844 [WARN] PackLoader:240 - Cannot read IP mode file for STMicroelectronics.X-CUBE-DISPLAY.3.0.0
2026-02-04 17:15:31,851 [WARN] PackLoader:240 - Cannot read IP mode file for STMicroelectronics.X-CUBE-BLE1.7.0.0
2026-02-04 17:15:31,856 [WARN] PackLoader:240 - Cannot read IP mode file for STMicroelectronics.X-CUBE-NFC10.1.0.0
2026-02-04 17:15:31,860 [WARN] PackLoader:240 - Cannot read IP mode file for STMicroelectronics.X-CUBE-ST60.1.1.0
2026-02-04 17:15:31,866 [WARN] PackLoader:240 - Cannot read IP mode file for emotas.I-CUBE-CANOPEN.1.3.0
2026-02-04 17:15:31,913 [WARN] PackLoader:240 - Cannot read IP mode file for STMicroelectronics.X-CUBE-GNSS1.7.1.0
2026-02-04 17:15:31,917 [WARN] PackLoader:240 - Cannot read IP mode file for STMicroelectronics.FP-SNS-STBOX1.2.1.0
2026-02-04 17:15:31,921 [WARN] PackLoader:240 - Cannot read IP mode file for STMicroelectronics.FP-SNS-SMARTAG2.1.2.0
2026-02-04 17:15:31,923 [WARN] PackLoader:240 - Cannot read IP mode file for STMicroelectronics.FP-SNS-FLIGHT1.5.1.0
2026-02-04 17:15:31,927 [INFO] LogOutputStream:77 - [STDOUT_REDIRECT] 1 : Invalid condition id : UX_CORESTACK_Condition cause : null
2026-02-04 17:15:31,928 [INFO] LogOutputStream:77 - [STDOUT_REDIRECT] 1 : Invalid condition id : UX_CORESTACK_Condition cause : null
2026-02-04 17:15:31,930 [INFO] LogOutputStream:77 - [STDOUT_REDIRECT] 1 : Invalid condition id : UX_CORESTACK_Condition cause : null
2026-02-04 17:15:31,930 [INFO] LogOutputStream:77 - [STDOUT_REDIRECT] 1 : Invalid condition id : UX_CORESTACK_Condition cause : null
2026-02-04 17:15:31,931 [INFO] LogOutputStream:77 - [STDOUT_REDIRECT] 1 : Invalid condition id : UX_CORESTACK_Condition cause : null
2026-02-04 17:15:31,932 [WARN] PackLoader:240 - Cannot read IP mode file for STMicroelectronics.X-CUBE-AZRTOS-WL.2.0.0
2026-02-04 17:15:31,941 [WARN] PackLoader:240 - Cannot read IP mode file for STMicroelectronics.X-CUBE-AZRTOS-H7RS.1.2.0
2026-02-04 17:15:31,946 [WARN] PackLoader:240 - Cannot read IP mode file for WES.I-CUBE-Cesium.1.3.0
2026-02-04 17:15:31,949 [WARN] PackLoader:240 - Cannot read IP mode file for STMicroelectronics.X-CUBE-BLE2.3.3.0
2026-02-04 17:15:31,973 [WARN] PackLoader:240 - Cannot read IP mode file for Infineon.AIROC-Wi-Fi-Bluetooth-STM32.1.8.0
2026-02-04 17:15:31,978 [WARN] PackLoader:240 - Cannot read IP mode file for STMicroelectronics.X-CUBE-NFC9.1.0.0
2026-02-04 17:15:31,981 [WARN] PackLoader:240 - Cannot read IP mode file for STMicroelectronics.X-CUBE-BLE1.7.1.0
2026-02-04 17:15:31,984 [WARN] PackLoader:240 - Cannot read IP mode file for wolfSSL.I-CUBE-wolfMQTT.1.19.2
2026-02-04 17:15:31,987 [WARN] PackLoader:240 - Cannot read IP mode file for STMicroelectronics.X-CUBE-FREERTOS.1.4.0
2026-02-04 17:15:31,990 [WARN] PackLoader:240 - Cannot read IP mode file for STMicroelectronics.X-CUBE-EEPRMA1.5.2.0
2026-02-04 17:15:31,993 [WARN] PackLoader:240 - Cannot read IP mode file for wolfSSL.I-CUBE-wolfSSL.5.8.4
2026-02-04 17:15:31,995 [WARN] PackLoader:240 - Cannot read IP mode file for Cesanta.I-CUBE-Mongoose.7.20.0
2026-02-04 17:15:32,010 [WARN] PackLoader:240 - Cannot read IP mode file for STMicroelectronics.X-CUBE-MEMS1.12.0.0
2026-02-04 17:15:32,046 [WARN] PackLoader:240 - Cannot read IP mode file for STMicroelectronics.X-CUBE-ALGOBUILD.1.3.0
2026-02-04 17:15:32,053 [WARN] PackLoader:240 - Cannot read IP mode file for STMicroelectronics.X-CUBE-AZRTOS-G0.1.1.0
2026-02-04 17:15:32,058 [WARN] PackLoader:240 - Cannot read IP mode file for STMicroelectronics.X-CUBE-NFC4.3.0.0
2026-02-04 17:15:32,063 [WARN] PackLoader:240 - Cannot read IP mode file for EmbeddedOffice.I-CUBE-FS-RTOS.1.0.1
2026-02-04 17:15:32,066 [WARN] PackLoader:240 - Cannot read IP mode file for STMicroelectronics.X-CUBE-WB05N.2.0.0
2026-02-04 17:15:32,073 [WARN] PackLoader:240 - Cannot read IP mode file for STMicroelectronics.X-CUBE-BLEMGR.3.0.0
2026-02-04 17:15:32,079 [WARN] PackLoader:240 - Cannot read IP mode file for wolfSSL.I-CUBE-wolfTPM.3.8.0
2026-02-04 17:15:32,084 [WARN] PackLoader:240 - Cannot read IP mode file for STMicroelectronics.X-CUBE-TCPP.4.2.0
2026-02-04 17:15:32,091 [WARN] PackLoader:240 - Cannot read IP mode file for RealThread.X-CUBE-RT-Thread_Nano.4.1.1
2026-02-04 17:15:32,095 [WARN] PackLoader:240 - Cannot read IP mode file for STMicroelectronics.FP-ATR-SIGFOX1.3.2.0
2026-02-04 17:15:32,098 [WARN] PackLoader:240 - Cannot read IP mode file for STMicroelectronics.X-CUBE-EEPRMA1.5.1.0
2026-02-04 17:15:32,107 [WARN] PackLoader:240 - Cannot read IP mode file for ITTIA_DB.I-CUBE-ITTIADB.8.9.0
2026-02-04 17:15:32,113 [WARN] PackLoader:240 - Cannot read IP mode file for STMicroelectronics.X-CUBE-NFC6.3.2.0
2026-02-04 17:15:32,117 [WARN] PackLoader:240 - Cannot read IP mode file for STMicroelectronics.X-CUBE-AI.10.2.0
2026-02-04 17:15:32,152 [WARN] PackLoader:240 - Cannot read IP mode file for SEGGER.I-CUBE-embOS.1.3.1
2026-02-04 17:15:32,171 [WARN] PackLoader:240 - Cannot read IP mode file for STMicroelectronics.X-CUBE-ALGOBUILD.1.4.0
2026-02-04 17:15:32,174 [WARN] PackLoader:240 - Cannot read IP mode file for STMicroelectronics.X-CUBE-PM33A1.1.0.0
2026-02-04 17:15:32,176 [WARN] PackLoader:240 - Cannot read IP mode file for STMicroelectronics.X-CUBE-GNSS1.6.0.0
2026-02-04 17:15:32,182 [WARN] PackLoader:240 - Cannot read IP mode file for STMicroelectronics.X-CUBE-AZRTOS-F4.1.1.0
2026-02-04 17:15:32,186 [WARN] PackLoader:240 - Cannot read IP mode file for STMicroelectronics.X-CUBE-ISPU.2.1.0
2026-02-04 17:15:32,191 [WARN] PackLoader:240 - Cannot read IP mode file for STMicroelectronics.X-CUBE-IPS.3.2.0
2026-02-04 17:15:32,195 [WARN] PackLoader:240 - Cannot read IP mode file for wolfSSL.I-CUBE-wolfSSL.5.6.6
2026-02-04 17:15:32,197 [WARN] PackLoader:240 - Cannot read IP mode file for STMicroelectronics.X-CUBE-NFC12.1.0.0
2026-02-04 17:15:32,204 [WARN] PackLoader:240 - Cannot read IP mode file for STMicroelectronics.X-CUBE-AZRTOS-L5.2.0.0
2026-02-04 17:15:32,207 [WARN] PackLoader:240 - Cannot read IP mode file for STMicroelectronics.X-CUBE-EEPRMA1.4.2.0
2026-02-04 17:15:32,211 [WARN] PackLoader:240 - Cannot read IP mode file for STMicroelectronics.X-CUBE-NFC6.3.1.0
2026-02-04 17:15:32,214 [WARN] PackLoader:240 - Cannot read IP mode file for ITTIA_DB.I-CUBE-ITTIADB.8.8.0
2026-02-04 17:15:32,216 [WARN] PackLoader:240 - Cannot read IP mode file for STMicroelectronics.X-CUBE-NFC7.1.0.1
2026-02-04 17:15:32,218 [WARN] PackLoader:240 - Cannot read IP mode file for STMicroelectronics.X-CUBE-TOUCHGFX.4.26.0
2026-02-04 17:15:32,221 [WARN] PackLoader:240 - Cannot read IP mode file for STMicroelectronics.X-CUBE-NFC6.3.0.0
2026-02-04 17:15:32,224 [WARN] PackLoader:240 - Cannot read IP mode file for STMicroelectronics.FP-SNS-STAIOTCFT.1.0.0
2026-02-04 17:15:32,227 [WARN] PackLoader:240 - Cannot read IP mode file for STMicroelectronics.X-CUBE-DPower.1.3.0
2026-02-04 17:15:32,228 [WARN] PackLoader:240 - Cannot read IP mode file for STMicroelectronics.X-CUBE-AI.8.1.0
2026-02-04 17:15:32,235 [WARN] ConditionMgr:438 - getConditionDescription Invalid condition id : LAN8742 Phy interface Condition cause : null
2026-02-04 17:15:32,235 [WARN] PackLoader:240 - Cannot read IP mode file for STMicroelectronics.X-CUBE-AZRTOS-L4.2.0.0
2026-02-04 17:15:32,236 [WARN] ConditionMgr:1044 - genDependencies : Invalid condition id : LAN8742 Phy interface Condition cause : null
2026-02-04 17:15:32,236 [WARN] ConditionMgr:1044 - genDependencies : Invalid condition id : LAN8742 Phy interface Condition cause : null
2026-02-04 17:15:32,236 [WARN] ConditionMgr:1044 - genDependencies : Invalid condition id : LAN8742 Phy interface Condition cause : null
2026-02-04 17:15:32,240 [WARN] PackLoader:240 - Cannot read IP mode file for STMicroelectronics.X-CUBE-SFXS2LP1.4.0.0
2026-02-04 17:15:32,244 [WARN] PackLoader:240 - Cannot read IP mode file for STMicroelectronics.X-CUBE-ST67W61.1.2.0
2026-02-04 17:15:32,247 [WARN] PackLoader:240 - Cannot read IP mode file for STMicroelectronics.X-CUBE-BLEMGR.4.1.0
2026-02-04 17:15:32,260 [WARN] ConditionMgr:438 - getConditionDescription Invalid condition id : UX DEVICE CLASS RTOS Condition cause : null
2026-02-04 17:15:32,260 [WARN] ConditionMgr:438 - getConditionDescription Invalid condition id : UX DEVICE CLASS RTOS Condition cause : null
2026-02-04 17:15:32,261 [WARN] PackLoader:240 - Cannot read IP mode file for STMicroelectronics.X-CUBE-AZRTOS-WB.2.0.0
2026-02-04 17:15:32,261 [WARN] ConditionMgr:1044 - genDependencies : Invalid condition id : UX DEVICE CLASS RTOS Condition cause : null
2026-02-04 17:15:32,261 [WARN] ConditionMgr:1044 - genDependencies : Invalid condition id : UX DEVICE CLASS RTOS Condition cause : null
2026-02-04 17:15:32,261 [WARN] ConditionMgr:1044 - genDependencies : Invalid condition id : UX DEVICE CLASS RTOS Condition cause : null
2026-02-04 17:15:32,261 [WARN] ConditionMgr:1044 - genDependencies : Invalid condition id : UX DEVICE CLASS RTOS Condition cause : null
2026-02-04 17:15:32,261 [WARN] ConditionMgr:1044 - genDependencies : Invalid condition id : UX DEVICE CLASS RTOS Condition cause : null
2026-02-04 17:15:32,264 [WARN] ConditionMgr:438 - getConditionDescription Invalid condition id : Cortex-A Device cause : null
2026-02-04 17:15:32,267 [WARN] ConditionMgr:1044 - genDependencies : Invalid condition id : Cortex-A Device cause : null
2026-02-04 17:15:32,267 [WARN] ConditionMgr:1044 - genDependencies : Invalid condition id : Cortex-A Device cause : null
2026-02-04 17:15:32,267 [WARN] ConditionMgr:1044 - genDependencies : Invalid condition id : Cortex-A Device cause : null
2026-02-04 17:15:32,270 [WARN] PackLoader:240 - Cannot read IP mode file for STMicroelectronics.X-CUBE-STSE01.2.0.0
2026-02-04 17:15:32,274 [WARN] PackLoader:240 - Cannot read IP mode file for STMicroelectronics.X-CUBE-SUBG2.5.0.0
2026-02-04 17:15:32,280 [WARN] PackLoader:240 - Cannot read IP mode file for STMicroelectronics.X-CUBE-AZRTOS-G4.2.0.0
2026-02-04 17:15:32,285 [WARN] PackLoader:240 - Cannot read IP mode file for Infineon.AIROC-Wi-Fi-Bluetooth-STM32.1.5.1
2026-02-04 17:15:32,288 [WARN] PackLoader:240 - Cannot read IP mode file for wolfSSL.I-CUBE-wolfSSH.1.4.20
2026-02-04 17:15:32,290 [WARN] PackLoader:240 - Cannot read IP mode file for STMicroelectronics.X-CUBE-NFC7.2.0.0
2026-02-04 17:15:32,292 [WARN] PackLoader:240 - Cannot read IP mode file for STMicroelectronics.FP-SNS-MOTENVWB1.1.3.1
2026-02-04 17:15:32,294 [WARN] PackLoader:240 - Cannot read IP mode file for STMicroelectronics.X-CUBE-ISPU.2.0.0
2026-02-04 17:15:32,297 [WARN] PackLoader:240 - Cannot read IP mode file for STMicroelectronics.X-CUBE-ALS.1.0.2
2026-02-04 17:15:32,309 [WARN] PackLoader:240 - Cannot read IP mode file for STMicroelectronics.X-CUBE-MEMS1.10.0.0
2026-02-04 17:15:32,346 [WARN] PackLoader:240 - Cannot read IP mode file for STMicroelectronics.X-CUBE-FREERTOS.1.1.0
2026-02-04 17:15:32,353 [WARN] PackLoader:240 - Cannot read IP mode file for STMicroelectronics.X-CUBE-STSE01.1.0.0
2026-02-04 17:15:32,356 [WARN] PackLoader:240 - Cannot read IP mode file for portGmbH.I-Cube-SoM-uGOAL.1.1.0
2026-02-04 17:15:32,359 [WARN] PackLoader:240 - Cannot read IP mode file for STMicroelectronics.X-CUBE-ALS.1.0.1
2026-02-04 17:15:32,361 [WARN] PackLoader:240 - Cannot read IP mode file for STMicroelectronics.FP-ATR-ASTRA1.2.0.0
2026-02-04 17:15:32,365 [WARN] PackLoader:240 - Cannot read IP mode file for STMicroelectronics.X-CUBE-TOF1.3.4.3
2026-02-04 17:15:32,372 [WARN] PackLoader:240 - Cannot read IP mode file for STMicroelectronics.X-CUBE-TOF1.3.4.0
2026-02-04 17:15:32,381 [WARN] PackLoader:240 - Cannot read IP mode file for STMicroelectronics.X-CUBE-AZRTOS-H7.3.2.0
2026-02-04 17:15:32,382 [INFO] ThirdParty:978 - Integrity check success = true
2026-02-04 17:15:32,382 [INFO] IntegrityCheckThread:100 - exiting critical section [integrity check]
2026-02-04 17:15:32,382 [INFO] IntegrityCheckThread:103 - End integrity checks thread
2026-02-04 17:15:32,637 [INFO] WebApp:169 - Instantiating new browser for Auth
2026-02-04 17:15:33,035 [INFO] WebApp:463 - Apply proxy settings
2026-02-04 17:15:33,035 [INFO] WebApp:548 - Chromium requires no authentication
2026-02-04 17:15:33,040 [INFO] WebApp:491 - Direct internet connection detected
2026-02-04 17:15:33,053 [INFO] WebApp:900 - Register for checkConnection events
2026-02-04 17:15:33,053 [INFO] WebApp:463 - Apply proxy settings
2026-02-04 17:15:33,053 [INFO] WebApp:548 - Chromium requires no authentication
2026-02-04 17:15:33,053 [INFO] WebApp:491 - Direct internet connection detected
2026-02-04 17:15:33,146 [INFO] WebApp:225 - Starting web application
2026-02-04 17:15:33,146 [INFO] WebApp:593 - Web application path used C:\ST\STM32CubeIDE_1.19.0\STM32CubeIDE\plugins\com.st.stm32cube.common.mx_6.15.0.202507011659\db\plugins\mcufinder\reactClient1\index.html
2026-02-04 17:15:33,231 [INFO] UserAuth:487 - Internet connection configuration mode: 1
2026-02-04 17:15:33,365 [INFO] WebApp:191 - Connection restablished
2026-02-04 17:23:19,407 [INFO] LogOutputStream:77 - [STDOUT_REDIRECT] StartTraceHandler.execute(), success : Collect=false
2026-02-04 17:23:21,024 [INFO] LogOutputStream:77 - [STDOUT_REDIRECT] StartTraceHandler.execute(), success : Collect=true
2026-02-04 17:40:01,391 [INFO] McuFinderGlobals:63 - Set McuFinder mode to 2 (CubeIDE integrated)
2026-02-04 17:40:01,392 [INFO] UserAuth:487 - Internet connection configuration mode: 1
2026-02-04 17:45:13,814 [ERROR] LogOutputStream:75 - [STDERR_REDIRECT] 
2026-02-04 17:45:13,815 [ERROR] LogOutputStream:75 - [STDERR_REDIRECT] 
2026-02-04 20:17:44,018 [INFO] Activator:176 - 


2026-02-04 20:17:44,019 [INFO] Activator:177 - !SESSION log4j initialized
2026-02-04 20:17:45,812 [INFO] LogOutputStream:77 - [STDOUT_REDIRECT] 
2026-02-04 20:17:48,567 [INFO] ApplicationProperties:184 - Using Application install path: C:\ST\STM32CubeIDE_1.19.0\STM32CubeIDE\plugins\com.st.stm32cube.common.mx_6.15.0.202507011659
2026-02-04 20:17:48,589 [INFO] DbMcusXml:78 - Set database path to: C:\ST\STM32CubeIDE_1.19.0\STM32CubeIDE\plugins\com.st.stm32cube.common.mx_6.15.0.202507011659\\db\/mcu/
2026-02-04 20:17:48,589 [INFO] ApiDb:274 - Set plugin database path to: C:\ST\STM32CubeIDE_1.19.0\STM32CubeIDE\plugins\com.st.stm32cube.common.mx_6.15.0.202507011659\\db\/plugins/boardmanager/
2026-02-04 20:17:48,589 [WARN] ApiDb:259 - Overriding images path with different value:  => C:\ST\STM32CubeIDE_1.19.0\STM32CubeIDE\plugins\com.st.stm32cube.common.mx_6.15.0.202507011659\\db\/plugins/mcufinder/images/
2026-02-04 20:17:48,596 [INFO] ApiDb:250 - Set database path to: C:\Users\Manuel\.stmcufinder\plugins\mcufinder//mcu/
2026-02-04 20:17:48,598 [INFO] DbMcusAds:125 - Set database path to: C:\Users\Manuel\.stmcufinder\plugins\mcufinder//mcu/
2026-02-04 20:17:48,602 [INFO] CrossReferenceDbSqlite:203 - Set database path to: C:\Users\Manuel\.stmcufinder\plugins\mcufinder//mcu/cs/
2026-02-04 20:17:48,784 [INFO] RulesReader:64 - Compatibility file has been processed (317 Rules)
2026-02-04 20:17:48,912 [INFO] DbMcusXml:78 - Set database path to: C:\ST\STM32CubeIDE_1.19.0\STM32CubeIDE\plugins\com.st.stm32cube.common.mx_6.15.0.202507011659\\db\/mcu/
2026-02-04 20:17:48,912 [INFO] ApiDb:274 - Set plugin database path to: C:\ST\STM32CubeIDE_1.19.0\STM32CubeIDE\plugins\com.st.stm32cube.common.mx_6.15.0.202507011659\\db\/plugins/boardmanager/
2026-02-04 20:17:48,913 [INFO] ApiDb:261 - Set plugin images path to: C:\ST\STM32CubeIDE_1.19.0\STM32CubeIDE\plugins\com.st.stm32cube.common.mx_6.15.0.202507011659\\db\/plugins/mcufinder/images/
2026-02-04 20:17:48,913 [WARN] DbFile:41 - Overriding database path with different value: C:\Users\Manuel\.stmcufinder\plugins\mcufinder/ => C:\Users\Manuel\.stmcufinder\plugins\mcufinder
2026-02-04 20:17:48,913 [INFO] ApiDb:250 - Set database path to: C:\Users\Manuel\.stmcufinder\plugins\mcufinder//mcu/
2026-02-04 20:17:48,913 [WARN] DbFile:41 - Overriding database path with different value: C:\Users\Manuel\.stmcufinder\plugins\mcufinder/ => C:\Users\Manuel\.stmcufinder\plugins\mcufinder
2026-02-04 20:17:48,913 [INFO] DbMcusAds:125 - Set database path to: C:\Users\Manuel\.stmcufinder\plugins\mcufinder//mcu/
2026-02-04 20:17:48,913 [WARN] DbFile:41 - Overriding database path with different value: C:\Users\Manuel\.stmcufinder\plugins\mcufinder/ => C:\Users\Manuel\.stmcufinder\plugins\mcufinder
2026-02-04 20:17:48,913 [WARN] DbFile:41 - Overriding database path with different value: C:\Users\Manuel\.stmcufinder\plugins\mcufinder/ => C:\Users\Manuel\.stmcufinder\plugins\mcufinder
2026-02-04 20:17:48,914 [INFO] CrossReferenceDbSqlite:203 - Set database path to: C:\Users\Manuel\.stmcufinder\plugins\mcufinder//mcu/cs/
2026-02-04 20:17:49,009 [INFO] MainPanel:274 - HeapMemory: 276824064
2026-02-04 20:17:49,138 [INFO] DbMcusXml:78 - Set database path to: C:\ST\STM32CubeIDE_1.19.0\STM32CubeIDE\plugins\com.st.stm32cube.common.mx_6.15.0.202507011659\\db\/mcu/
2026-02-04 20:17:49,138 [INFO] ApiDb:274 - Set plugin database path to: C:\ST\STM32CubeIDE_1.19.0\STM32CubeIDE\plugins\com.st.stm32cube.common.mx_6.15.0.202507011659\\db\/plugins/boardmanager/
2026-02-04 20:17:49,139 [INFO] ApiDb:261 - Set plugin images path to: C:\ST\STM32CubeIDE_1.19.0\STM32CubeIDE\plugins\com.st.stm32cube.common.mx_6.15.0.202507011659\\db\/plugins/mcufinder/images/
2026-02-04 20:17:49,140 [WARN] DbFile:41 - Overriding database path with different value: C:\Users\Manuel\.stmcufinder\plugins\mcufinder/ => C:\Users\Manuel\.stmcufinder\plugins\mcufinder
2026-02-04 20:17:49,140 [INFO] ApiDb:250 - Set database path to: C:\Users\Manuel\.stmcufinder\plugins\mcufinder//mcu/
2026-02-04 20:17:49,140 [WARN] DbFile:41 - Overriding database path with different value: C:\Users\Manuel\.stmcufinder\plugins\mcufinder/ => C:\Users\Manuel\.stmcufinder\plugins\mcufinder
2026-02-04 20:17:49,140 [INFO] DbMcusAds:125 - Set database path to: C:\Users\Manuel\.stmcufinder\plugins\mcufinder//mcu/
2026-02-04 20:17:49,140 [WARN] DbFile:41 - Overriding database path with different value: C:\Users\Manuel\.stmcufinder\plugins\mcufinder/ => C:\Users\Manuel\.stmcufinder\plugins\mcufinder
2026-02-04 20:17:49,140 [WARN] DbFile:41 - Overriding database path with different value: C:\Users\Manuel\.stmcufinder\plugins\mcufinder/ => C:\Users\Manuel\.stmcufinder\plugins\mcufinder
2026-02-04 20:17:49,140 [INFO] CrossReferenceDbSqlite:203 - Set database path to: C:\Users\Manuel\.stmcufinder\plugins\mcufinder//mcu/cs/
2026-02-04 20:17:49,164 [INFO] ApplicationProperties:184 - Using Application install path: C:\ST\STM32CubeIDE_1.19.0\STM32CubeIDE\plugins\com.st.stm32cube.common.mx_6.15.0.202507011659
2026-02-04 20:17:49,166 [INFO] PluginManage:196 - Search for loadable plugins [exclusion list=, ]
2026-02-04 20:17:49,168 [INFO] PluginManage:310 - Check plugin analytics
2026-02-04 20:17:49,504 [INFO] AnalyticsPlugin:253 - Accepted Software Licenses: 
2026-02-04 20:17:49,504 [INFO] AnalyticsPlugin:255 - Accepted CMSIS Pack Licenses: 
2026-02-04 20:17:49,504 [INFO] AnalyticsPlugin:257 - Accepted Firmware Licenses: FW.L4.1.18.0
2026-02-04 20:17:49,508 [INFO] PluginManage:359 - Loaded plugin analytics (category:tool,tabindex:-1)
2026-02-04 20:17:49,508 [INFO] PluginManage:310 - Check plugin cadmodel
2026-02-04 20:17:49,512 [INFO] CADModel:105 - Init CAD model plugin
2026-02-04 20:17:49,512 [INFO] PluginManage:359 - Loaded plugin cadmodel (category:power,tabindex:5)
2026-02-04 20:17:49,512 [INFO] PluginManage:310 - Check plugin clock
2026-02-04 20:17:49,525 [INFO] PluginManage:359 - Loaded plugin clock (category:base,tabindex:2)
2026-02-04 20:17:49,525 [INFO] PluginManage:310 - Check plugin ddr
2026-02-04 20:17:49,529 [INFO] PluginManage:359 - Loaded plugin ddr (category:tool,tabindex:6)
2026-02-04 20:17:49,529 [INFO] PluginManage:310 - Check plugin filemanager
2026-02-04 20:17:49,719 [INFO] PluginManage:359 - Loaded plugin filemanager (category:base,tabindex:10)
2026-02-04 20:17:49,719 [INFO] PluginManage:310 - Check plugin ipmanager
2026-02-04 20:17:49,726 [INFO] PluginManage:359 - Loaded plugin ipmanager (category:base,tabindex:5)
2026-02-04 20:17:49,726 [INFO] PluginManage:310 - Check plugin lpbam
2026-02-04 20:17:49,736 [INFO] PluginManage:359 - Loaded plugin lpbam (category:base,tabindex:0)
2026-02-04 20:17:49,736 [INFO] PluginManage:310 - Check plugin memorymap
2026-02-04 20:17:49,766 [INFO] PluginManage:359 - Loaded plugin memorymap (category:base,tabindex:4)
2026-02-04 20:17:49,766 [INFO] PluginManage:310 - Check plugin pinoutandconfiguration
2026-02-04 20:17:49,778 [INFO] PluginManage:359 - Loaded plugin pinoutandconfiguration (category:base,tabindex:1)
2026-02-04 20:17:49,778 [INFO] PluginManage:310 - Check plugin pinoutconfig
2026-02-04 20:17:49,915 [WARN] SupportedApi:132 - Cannot load RTOS API schema: s4s-elt-must-match.1: The content of 'definitions' must match (annotation?, (simpleType | complexType)?, (unique | key | keyref)*)). A problem was found starting at: attribute.
2026-02-04 20:17:50,244 [INFO] PluginManage:359 - Loaded plugin pinoutconfig (category:base,tabindex:0)
2026-02-04 20:17:50,244 [INFO] PluginManage:310 - Check plugin power
2026-02-04 20:17:50,275 [INFO] PluginManage:359 - Loaded plugin power (category:power,tabindex:4)
2026-02-04 20:17:50,275 [INFO] PluginManage:310 - Check plugin projectmanager
2026-02-04 20:17:50,292 [INFO] PluginManage:359 - Loaded plugin projectmanager (category:projectmanager,tabindex:4)
2026-02-04 20:17:50,292 [INFO] PluginManage:310 - Check plugin rif
2026-02-04 20:17:50,311 [INFO] PluginManage:359 - Loaded plugin rif (category:base,tabindex:3)
2026-02-04 20:17:50,311 [INFO] PluginManage:310 - Check plugin thirdparty
2026-02-04 20:17:50,494 [WARN] IntegrityCheckThread:84 - waiting for thirdparty lock release [integrity check]
2026-02-04 20:17:50,494 [INFO] IntegrityCheckThread:86 - entering critical section [integrity check]
2026-02-04 20:17:50,494 [INFO] ThirdPartyUpdaterWithRetryManager:70 - Updater plugin not ready yet. [1/15]
2026-02-04 20:17:50,494 [INFO] PluginManage:359 - Loaded plugin thirdparty (category:base,tabindex:-1)
2026-02-04 20:17:50,495 [INFO] PluginManage:310 - Check plugin tools
2026-02-04 20:17:50,498 [INFO] PluginManage:359 - Loaded plugin tools (category:base,tabindex:7)
2026-02-04 20:17:50,498 [INFO] PluginManage:310 - Check plugin tutovideos
2026-02-04 20:17:50,948 [INFO] PluginManage:359 - Loaded plugin tutovideos (category:base,tabindex:-1)
2026-02-04 20:17:50,948 [INFO] PluginManage:310 - Check plugin updater
2026-02-04 20:17:50,965 [INFO] PluginManage:359 - Loaded plugin updater (category:base,tabindex:12)
2026-02-04 20:17:50,965 [INFO] PluginManage:310 - Check plugin userauth
2026-02-04 20:17:50,972 [INFO] UserAuth:118 - Init User Auth plugin
2026-02-04 20:17:50,973 [INFO] PluginManage:359 - Loaded plugin userauth (category:base,tabindex:14)
2026-02-04 20:17:50,974 [INFO] PluginManage:283 - PluginManage : Loaded plugins [18]
2026-02-04 20:17:51,146 [INFO] PinOutPanel:1589 - setPackage(No Configuration,No Configuration)
2026-02-04 20:17:51,193 [INFO] CADModel:165 - CPN selected for project level
2026-02-04 20:17:51,193 [INFO] CADModel:114 - Register for checkConnection events
2026-02-04 20:17:51,201 [INFO] IPUIPlugin:80 - create IPUIPlugin
2026-02-04 20:17:51,201 [INFO] PluginManager:220 - loadIPPluginJar : add adc
2026-02-04 20:17:51,202 [INFO] IPUIPlugin:80 - create IPUIPlugin
2026-02-04 20:17:51,202 [INFO] PluginManager:220 - loadIPPluginJar : add aes
2026-02-04 20:17:51,203 [INFO] IPUIPlugin:80 - create IPUIPlugin
2026-02-04 20:17:51,204 [INFO] PluginManager:220 - loadIPPluginJar : add can
2026-02-04 20:17:51,205 [INFO] IPUIPlugin:80 - create IPUIPlugin
2026-02-04 20:17:51,205 [INFO] PluginManager:220 - loadIPPluginJar : add comp
2026-02-04 20:17:51,206 [INFO] IPUIPlugin:80 - create IPUIPlugin
2026-02-04 20:17:51,206 [INFO] PluginManager:220 - loadIPPluginJar : add cryp
2026-02-04 20:17:51,207 [INFO] IPUIPlugin:80 - create IPUIPlugin
2026-02-04 20:17:51,207 [INFO] PluginManager:220 - loadIPPluginJar : add ddr_ctrl_phy
2026-02-04 20:17:51,208 [INFO] IPUIPlugin:80 - create IPUIPlugin
2026-02-04 20:17:51,208 [INFO] PluginManager:220 - loadIPPluginJar : add dfsdm
2026-02-04 20:17:51,210 [INFO] IPUIPlugin:80 - create IPUIPlugin
2026-02-04 20:17:51,211 [INFO] PluginManager:220 - loadIPPluginJar : add dma
2026-02-04 20:17:51,213 [INFO] IPUIPlugin:80 - create IPUIPlugin
2026-02-04 20:17:51,213 [INFO] PluginManager:220 - loadIPPluginJar : add dma3
2026-02-04 20:17:51,214 [INFO] IPUIPlugin:80 - create IPUIPlugin
2026-02-04 20:17:51,214 [INFO] PluginManager:220 - loadIPPluginJar : add extmemmanager
2026-02-04 20:17:51,215 [INFO] IPUIPlugin:80 - create IPUIPlugin
2026-02-04 20:17:51,215 [INFO] PluginManager:220 - loadIPPluginJar : add fatfs
2026-02-04 20:17:51,218 [INFO] IPUIPlugin:80 - create IPUIPlugin
2026-02-04 20:17:51,218 [INFO] PluginManager:220 - loadIPPluginJar : add fmc
2026-02-04 20:17:51,221 [INFO] IPUIPlugin:80 - create IPUIPlugin
2026-02-04 20:17:51,221 [INFO] PluginManager:220 - loadIPPluginJar : add freertos
2026-02-04 20:17:51,222 [INFO] IPUIPlugin:80 - create IPUIPlugin
2026-02-04 20:17:51,222 [INFO] PluginManager:220 - loadIPPluginJar : add genericplugin
2026-02-04 20:17:51,224 [INFO] IPUIPlugin:80 - create IPUIPlugin
2026-02-04 20:17:51,224 [INFO] PluginManager:220 - loadIPPluginJar : add gfxmmu
2026-02-04 20:17:51,226 [INFO] IPUIPlugin:80 - create IPUIPlugin
2026-02-04 20:17:51,226 [INFO] PluginManager:220 - loadIPPluginJar : add gic
2026-02-04 20:17:51,228 [INFO] IPUIPlugin:80 - create IPUIPlugin
2026-02-04 20:17:51,228 [INFO] PluginManager:220 - loadIPPluginJar : add gpio
2026-02-04 20:17:51,229 [INFO] IPUIPlugin:80 - create IPUIPlugin
2026-02-04 20:17:51,229 [INFO] PluginManager:220 - loadIPPluginJar : add gtzc
2026-02-04 20:17:51,230 [INFO] IPUIPlugin:80 - create IPUIPlugin
2026-02-04 20:17:51,231 [INFO] PluginManager:220 - loadIPPluginJar : add hash
2026-02-04 20:17:51,232 [INFO] IPUIPlugin:80 - create IPUIPlugin
2026-02-04 20:17:51,232 [INFO] PluginManager:220 - loadIPPluginJar : add i2c
2026-02-04 20:17:51,236 [INFO] IPUIPlugin:80 - create IPUIPlugin
2026-02-04 20:17:51,236 [INFO] PluginManager:220 - loadIPPluginJar : add i2s
2026-02-04 20:17:51,239 [INFO] IPUIPlugin:80 - create IPUIPlugin
2026-02-04 20:17:51,240 [INFO] PluginManager:220 - loadIPPluginJar : add i3c
2026-02-04 20:17:51,242 [INFO] IPUIPlugin:80 - create IPUIPlugin
2026-02-04 20:17:51,243 [INFO] PluginManager:220 - loadIPPluginJar : add ipddr
2026-02-04 20:17:51,247 [INFO] IPUIPlugin:80 - create IPUIPlugin
2026-02-04 20:17:51,247 [INFO] PluginManager:220 - loadIPPluginJar : add linkedlist
2026-02-04 20:17:51,249 [INFO] IPUIPlugin:80 - create IPUIPlugin
2026-02-04 20:17:51,250 [INFO] PluginManager:220 - loadIPPluginJar : add lorawan
2026-02-04 20:17:51,251 [INFO] IPUIPlugin:80 - create IPUIPlugin
2026-02-04 20:17:51,251 [INFO] PluginManager:220 - loadIPPluginJar : add ltdc
2026-02-04 20:17:51,259 [INFO] IPUIPlugin:80 - create IPUIPlugin
2026-02-04 20:17:51,259 [INFO] PluginManager:220 - loadIPPluginJar : add mdma
2026-02-04 20:17:51,263 [INFO] IPUIPlugin:80 - create IPUIPlugin
2026-02-04 20:17:51,263 [INFO] PluginManager:220 - loadIPPluginJar : add nvic
2026-02-04 20:17:51,266 [INFO] IPUIPlugin:80 - create IPUIPlugin
2026-02-04 20:17:51,266 [INFO] PluginManager:220 - loadIPPluginJar : add opamp
2026-02-04 20:17:51,267 [INFO] IPUIPlugin:80 - create IPUIPlugin
2026-02-04 20:17:51,268 [INFO] PluginManager:220 - loadIPPluginJar : add openamp
2026-02-04 20:17:51,269 [INFO] IPUIPlugin:80 - create IPUIPlugin
2026-02-04 20:17:51,269 [INFO] PluginManager:220 - loadIPPluginJar : add pdm2pcm
2026-02-04 20:17:51,273 [INFO] IPUIPlugin:80 - create IPUIPlugin
2026-02-04 20:17:51,275 [INFO] PluginManager:220 - loadIPPluginJar : add plateformsettings
2026-02-04 20:17:51,276 [INFO] IPUIPlugin:80 - create IPUIPlugin
2026-02-04 20:17:51,276 [INFO] PluginManager:220 - loadIPPluginJar : add quadspi
2026-02-04 20:17:51,281 [INFO] IPUIPlugin:80 - create IPUIPlugin
2026-02-04 20:17:51,282 [INFO] PluginManager:220 - loadIPPluginJar : add radio
2026-02-04 20:17:51,284 [INFO] IPUIPlugin:80 - create IPUIPlugin
2026-02-04 20:17:51,285 [INFO] PluginManager:220 - loadIPPluginJar : add resmgrutility
2026-02-04 20:17:51,287 [INFO] IPUIPlugin:80 - create IPUIPlugin
2026-02-04 20:17:51,287 [INFO] PluginManager:220 - loadIPPluginJar : add sai
2026-02-04 20:17:51,290 [INFO] IPUIPlugin:80 - create IPUIPlugin
2026-02-04 20:17:51,290 [INFO] PluginManager:220 - loadIPPluginJar : add spi
2026-02-04 20:17:51,294 [INFO] IPUIPlugin:80 - create IPUIPlugin
2026-02-04 20:17:51,295 [INFO] PluginManager:220 - loadIPPluginJar : add stm32_wpan
2026-02-04 20:17:51,301 [INFO] IPUIPlugin:80 - create IPUIPlugin
2026-02-04 20:17:51,302 [INFO] PluginManager:220 - loadIPPluginJar : add tim
2026-02-04 20:17:51,305 [INFO] IPUIPlugin:80 - create IPUIPlugin
2026-02-04 20:17:51,306 [INFO] PluginManager:220 - loadIPPluginJar : add touchsensing
2026-02-04 20:17:51,309 [INFO] IPUIPlugin:80 - create IPUIPlugin
2026-02-04 20:17:51,309 [INFO] PluginManager:220 - loadIPPluginJar : add tracer_emb
2026-02-04 20:17:51,311 [INFO] IPUIPlugin:80 - create IPUIPlugin
2026-02-04 20:17:51,311 [INFO] PluginManager:220 - loadIPPluginJar : add ts
2026-02-04 20:17:51,312 [INFO] IPUIPlugin:80 - create IPUIPlugin
2026-02-04 20:17:51,312 [INFO] PluginManager:220 - loadIPPluginJar : add tsc
2026-02-04 20:17:51,314 [INFO] IPUIPlugin:80 - create IPUIPlugin
2026-02-04 20:17:51,314 [INFO] PluginManager:220 - loadIPPluginJar : add ucpd
2026-02-04 20:17:51,317 [INFO] IPUIPlugin:80 - create IPUIPlugin
2026-02-04 20:17:51,317 [INFO] PluginManager:220 - loadIPPluginJar : add usart
2026-02-04 20:17:51,321 [INFO] IPUIPlugin:80 - create IPUIPlugin
2026-02-04 20:17:51,321 [INFO] PluginManager:220 - loadIPPluginJar : add usbx
2026-02-04 20:17:51,434 [FATAL] Updater:351 - Updater called before beeing initialized
2026-02-04 20:17:51,463 [INFO] RulesReader:64 - Compatibility file has been processed (317 Rules)
2026-02-04 20:17:51,470 [INFO] RulesReader:64 - Compatibility file has been processed (317 Rules)
2026-02-04 20:17:51,481 [INFO] CADModel:165 - CPN selected for project level
2026-02-04 20:17:51,481 [INFO] CADModel:114 - Register for checkConnection events
2026-02-04 20:17:51,481 [FATAL] Updater:351 - Updater called before beeing initialized
2026-02-04 20:17:51,481 [ERROR] CADModel:125 - Updater not yet initialized, retry later 
2026-02-04 20:17:51,648 [FATAL] Updater:351 - Updater called before beeing initialized
2026-02-04 20:17:51,649 [INFO] CADModel:165 - CPN selected for project level
2026-02-04 20:17:51,649 [INFO] CADModel:114 - Register for checkConnection events
2026-02-04 20:17:51,649 [FATAL] Updater:351 - Updater called before beeing initialized
2026-02-04 20:17:51,649 [ERROR] CADModel:125 - Updater not yet initialized, retry later 
2026-02-04 20:17:51,652 [FATAL] Updater:351 - Updater called before beeing initialized
2026-02-04 20:17:51,718 [FATAL] Updater:351 - Updater called before beeing initialized
2026-02-04 20:17:51,729 [INFO] DbMcusAds:53 - JSON generation date=Thu Jan 08 16:57:51 CET 2026 (1767887871456)
2026-02-04 20:17:51,729 [FATAL] Updater:351 - Updater called before beeing initialized
2026-02-04 20:17:51,754 [WARN] DetailPanel:346 - Failed to get advertising image, set to default
2026-02-04 20:17:51,807 [FATAL] Updater:351 - Updater called before beeing initialized
2026-02-04 20:17:51,810 [FATAL] Updater:351 - Updater called before beeing initialized
2026-02-04 20:17:51,810 [FATAL] Updater:351 - Updater called before beeing initialized
2026-02-04 20:17:51,810 [WARN] DetailPanel:346 - Failed to get advertising image, set to default
2026-02-04 20:17:51,811 [FATAL] Updater:351 - Updater called before beeing initialized
2026-02-04 20:17:51,851 [ERROR] Updater:1198 - MainUpdater not yet initialized. External WinMGr cannot be set.
2026-02-04 20:17:51,853 [INFO] Updater:1134 - Updater Version found : 6.15.0
2026-02-04 20:17:51,863 [INFO] ApplicationProperties:184 - Using Application install path: C:\ST\STM32CubeIDE_1.19.0\STM32CubeIDE\plugins\com.st.stm32cube.common.mx_6.15.0.202507011659
